[-] Unloading CUDA Toolkit  9.0.176  ... 
[+] Loading CUDA Toolkit  9.0.176  ... 
[-] Unloading cuDNN 7.0  libraries... 
[+] Loading cuDNN 7.0  libraries... 

Configurations:
BACKBONE                       resnet101
BACKBONE_STRIDES               [4, 8, 16, 32, 64]
BATCH_SIZE                     2
BBOX_STD_DEV                   [0.1 0.1 0.2 0.2]
COMPUTE_BACKBONE_SHAPE         None
DETECTION_MAX_INSTANCES        100
DETECTION_MIN_CONFIDENCE       0.7
DETECTION_NMS_THRESHOLD        0.3
FPN_CLASSIF_FC_LAYERS_SIZE     1024
GPU_COUNT                      1
GRADIENT_CLIP_NORM             5.0
IMAGES_PER_GPU                 2
IMAGE_MAX_DIM                  1024
IMAGE_META_SIZE                14
IMAGE_MIN_DIM                  256
IMAGE_MIN_SCALE                0
IMAGE_RESIZE_MODE              square
IMAGE_SHAPE                    [1024 1024    3]
LEARNING_MOMENTUM              0.9
LEARNING_RATE                  0.0001
LOSS_WEIGHTS                   {'rpn_class_loss': 1.0, 'mrcnn_class_loss': 1.0, 'mrcnn_mask_loss': 1.0, 'rpn_bbox_loss': 1.0, 'mrcnn_bbox_loss': 1.0}
MASK_POOL_SIZE                 14
MASK_SHAPE                     [28, 28]
MAX_GT_INSTANCES               100
MEAN_PIXEL                     [123.7 116.8 103.9]
MINI_MASK_SHAPE                (56, 56)
NAME                           cells
NUM_CLASSES                    2
POOL_SIZE                      7
POST_NMS_ROIS_INFERENCE        1000
POST_NMS_ROIS_TRAINING         2000
ROI_POSITIVE_RATIO             0.33
RPN_ANCHOR_RATIOS              [0.5, 1, 2]
RPN_ANCHOR_SCALES              (8, 16, 32, 64, 128)
RPN_ANCHOR_STRIDE              1
RPN_BBOX_STD_DEV               [0.1 0.1 0.2 0.2]
RPN_NMS_THRESHOLD              0.7
RPN_TRAIN_ANCHORS_PER_IMAGE    256
STEPS_PER_EPOCH                1000
TOP_DOWN_PYRAMID_SIZE          256
TRAIN_BN                       False
TRAIN_ROIS_PER_IMAGE           200
USE_MINI_MASK                  True
USE_RPN_ROIS                   True
VALIDATION_STEPS               50
WEIGHT_DECAY                   0.0001


Downloading data from https://github.com/fchollet/deep-learning-models/releases/download/v0.2/resnet50_weights_tf_dim_ordering_tf_kernels_notop.h5

    8192/94653016 [..............................] - ETA: 20s
  262144/94653016 [..............................] - ETA: 19s
  598016/94653016 [..............................] - ETA: 16s
 1015808/94653016 [..............................] - ETA: 14s
 1531904/94653016 [..............................] - ETA: 12s
 2211840/94653016 [..............................] - ETA: 10s
 3014656/94653016 [..............................] - ETA: 9s 
 3923968/94653016 [>.............................] - ETA: 8s
 4947968/94653016 [>.............................] - ETA: 7s
 6078464/94653016 [>.............................] - ETA: 6s
 7282688/94653016 [=>............................] - ETA: 6s
 8634368/94653016 [=>............................] - ETA: 5s
10117120/94653016 [==>...........................] - ETA: 5s
11681792/94653016 [==>...........................] - ETA: 4s
13303808/94653016 [===>..........................] - ETA: 4s
15081472/94653016 [===>..........................] - ETA: 4s
16891904/94653016 [====>.........................] - ETA: 3s
18800640/94653016 [====>.........................] - ETA: 3s
20856832/94653016 [=====>........................] - ETA: 3s
22896640/94653016 [======>.......................] - ETA: 3s
25100288/94653016 [======>.......................] - ETA: 2s
27369472/94653016 [=======>......................] - ETA: 2s
29630464/94653016 [========>.....................] - ETA: 2s
32055296/94653016 [=========>....................] - ETA: 2s
34209792/94653016 [=========>....................] - ETA: 2s
36577280/94653016 [==========>...................] - ETA: 2s
38821888/94653016 [===========>..................] - ETA: 1s
41164800/94653016 [============>.................] - ETA: 1s
43524096/94653016 [============>.................] - ETA: 1s
45817856/94653016 [=============>................] - ETA: 1s
47685632/94653016 [==============>...............] - ETA: 1s
49774592/94653016 [==============>...............] - ETA: 1s
51863552/94653016 [===============>..............] - ETA: 1s
53551104/94653016 [===============>..............] - ETA: 1s
55345152/94653016 [================>.............] - ETA: 1s
57016320/94653016 [=================>............] - ETA: 1s
58859520/94653016 [=================>............] - ETA: 1s
60620800/94653016 [==================>...........] - ETA: 1s
62464000/94653016 [==================>...........] - ETA: 0s
64225280/94653016 [===================>..........] - ETA: 0s
66068480/94653016 [===================>..........] - ETA: 0s
67911680/94653016 [====================>.........] - ETA: 0s
69771264/94653016 [=====================>........] - ETA: 0s
71720960/94653016 [=====================>........] - ETA: 0s
73637888/94653016 [======================>.......] - ETA: 0s
75636736/94653016 [======================>.......] - ETA: 0s
77594624/94653016 [=======================>......] - ETA: 0s
79626240/94653016 [========================>.....] - ETA: 0s
81559552/94653016 [========================>.....] - ETA: 0s
83402752/94653016 [=========================>....] - ETA: 0s
85368832/94653016 [==========================>...] - ETA: 0s
87375872/94653016 [==========================>...] - ETA: 0s
89391104/94653016 [===========================>..] - ETA: 0s
91430912/94653016 [===========================>..] - ETA: 0s
93659136/94653016 [============================>.] - ETA: 0s
94658560/94653016 [==============================] - 3s 0us/step
2018-07-03 10:21:05.566763: I tensorflow/core/platform/cpu_feature_guard.cc:140] Your CPU supports instructions that this TensorFlow binary was not compiled to use: AVX2 FMA
2018-07-03 10:21:05.569316: E tensorflow/stream_executor/cuda/cuda_driver.cc:406] failed call to cuInit: CUDA_ERROR_UNKNOWN
2018-07-03 10:21:05.569389: I tensorflow/stream_executor/cuda/cuda_diagnostics.cc:158] retrieving CUDA diagnostic information for host: cn4466
2018-07-03 10:21:05.569404: I tensorflow/stream_executor/cuda/cuda_diagnostics.cc:165] hostname: cn4466
2018-07-03 10:21:05.569459: I tensorflow/stream_executor/cuda/cuda_diagnostics.cc:189] libcuda reported version is: 387.26.0
2018-07-03 10:21:05.569510: I tensorflow/stream_executor/cuda/cuda_diagnostics.cc:193] kernel reported version is: 387.26.0
2018-07-03 10:21:05.569527: I tensorflow/stream_executor/cuda/cuda_diagnostics.cc:300] kernel version seems to match DSO: 387.26.0
slurmstepd: error: *** JOB 4603798 ON cn4466 CANCELLED AT 2018-07-03T10:46:26 ***
