[-] Unloading CUDA Toolkit  9.0.176  ... 
[+] Loading CUDA Toolkit  9.0.176  ... 
[-] Unloading cuDNN 7.0  libraries... 
[+] Loading cuDNN 7.0  libraries... 
2018-06-28 15:27:16.067526: I tensorflow/core/platform/cpu_feature_guard.cc:140] Your CPU supports instructions that this TensorFlow binary was not compiled to use: AVX2 FMA
2018-06-28 15:27:16.876940: I tensorflow/core/common_runtime/gpu/gpu_device.cc:1356] Found device 0 with properties: 
name: Tesla V100-PCIE-16GB major: 7 minor: 0 memoryClockRate(GHz): 1.38
pciBusID: 0000:0d:00.0
totalMemory: 15.77GiB freeMemory: 15.35GiB
2018-06-28 15:27:16.877040: I tensorflow/core/common_runtime/gpu/gpu_device.cc:1435] Adding visible gpu devices: 0
2018-06-28 15:27:22.152601: I tensorflow/core/common_runtime/gpu/gpu_device.cc:923] Device interconnect StreamExecutor with strength 1 edge matrix:
2018-06-28 15:27:22.152686: I tensorflow/core/common_runtime/gpu/gpu_device.cc:929]      0 
2018-06-28 15:27:22.152715: I tensorflow/core/common_runtime/gpu/gpu_device.cc:942] 0:   N 
2018-06-28 15:27:22.185276: I tensorflow/core/common_runtime/gpu/gpu_device.cc:1053] Created TensorFlow device (/job:localhost/replica:0/task:0/device:GPU:0 with 14866 MB memory) -> physical GPU (device: 0, name: Tesla V100-PCIE-16GB, pci bus id: 0000:0d:00.0, compute capability: 7.0)

Configurations:
BACKBONE                       resnet101
BACKBONE_STRIDES               [4, 8, 16, 32, 64]
BATCH_SIZE                     1
BBOX_STD_DEV                   [0.1 0.1 0.2 0.2]
DETECTION_MAX_INSTANCES        100
DETECTION_MIN_CONFIDENCE       0.7
DETECTION_NMS_THRESHOLD        0.3
GPU_COUNT                      1
GRADIENT_CLIP_NORM             5.0
IMAGES_PER_GPU                 1
IMAGE_MAX_DIM                  1024
IMAGE_META_SIZE                14
IMAGE_MIN_DIM                  256
IMAGE_MIN_SCALE                0
IMAGE_RESIZE_MODE              square
IMAGE_SHAPE                    [1024 1024    3]
LEARNING_MOMENTUM              0.9
LEARNING_RATE                  0.0001
LOSS_WEIGHTS                   {'mrcnn_class_loss': 1.0, 'rpn_bbox_loss': 1.0, 'mrcnn_bbox_loss': 1.0, 'mrcnn_mask_loss': 1.0, 'rpn_class_loss': 1.0}
MASK_POOL_SIZE                 14
MASK_SHAPE                     [28, 28]
MAX_GT_INSTANCES               100
MEAN_PIXEL                     [123.7 116.8 103.9]
MINI_MASK_SHAPE                (56, 56)
NAME                           cells
NUM_CLASSES                    2
POOL_SIZE                      7
POST_NMS_ROIS_INFERENCE        1000
POST_NMS_ROIS_TRAINING         2000
ROI_POSITIVE_RATIO             0.33
RPN_ANCHOR_RATIOS              [0.5, 1, 2]
RPN_ANCHOR_SCALES              (8, 16, 32, 64, 128)
RPN_ANCHOR_STRIDE              1
RPN_BBOX_STD_DEV               [0.1 0.1 0.2 0.2]
RPN_NMS_THRESHOLD              0.7
RPN_TRAIN_ANCHORS_PER_IMAGE    256
STEPS_PER_EPOCH                100
TRAIN_BN                       False
TRAIN_ROIS_PER_IMAGE           32
USE_MINI_MASK                  True
USE_RPN_ROIS                   True
VALIDATION_STEPS               5
WEIGHT_DECAY                   0.0001



Starting at epoch 0. LR=0.0001

Checkpoint Path: /data/kimjb/Mask_RCNN/logs/cells20180628T1527/mask_rcnn_cells_{epoch:04d}.h5
Selecting layers to train
fpn_c5p5               (Conv2D)
fpn_c4p4               (Conv2D)
fpn_c3p3               (Conv2D)
fpn_c2p2               (Conv2D)
fpn_p5                 (Conv2D)
fpn_p2                 (Conv2D)
fpn_p3                 (Conv2D)
fpn_p4                 (Conv2D)
In model:  rpn_model
    rpn_conv_shared        (Conv2D)
    rpn_class_raw          (Conv2D)
    rpn_bbox_pred          (Conv2D)
mrcnn_mask_conv1       (TimeDistributed)
mrcnn_mask_bn1         (TimeDistributed)
mrcnn_mask_conv2       (TimeDistributed)
mrcnn_mask_bn2         (TimeDistributed)
mrcnn_class_conv1      (TimeDistributed)
mrcnn_class_bn1        (TimeDistributed)
mrcnn_mask_conv3       (TimeDistributed)
mrcnn_mask_bn3         (TimeDistributed)
mrcnn_class_conv2      (TimeDistributed)
mrcnn_class_bn2        (TimeDistributed)
mrcnn_mask_conv4       (TimeDistributed)
mrcnn_mask_bn4         (TimeDistributed)
mrcnn_bbox_fc          (TimeDistributed)
mrcnn_mask_deconv      (TimeDistributed)
mrcnn_class_logits     (TimeDistributed)
mrcnn_mask             (TimeDistributed)
Epoch 1/100
 - 67s - loss: 3.1919 - rpn_class_loss: 0.2552 - rpn_bbox_loss: 1.4621 - mrcnn_class_loss: 0.3568 - mrcnn_bbox_loss: 0.7795 - mrcnn_mask_loss: 0.3384 - val_loss: 1.8593 - val_rpn_class_loss: 0.2172 - val_rpn_bbox_loss: 0.9936 - val_mrcnn_class_loss: 0.1195 - val_mrcnn_bbox_loss: 0.3595 - val_mrcnn_mask_loss: 0.1695

Epoch 00001: val_loss improved from inf to 1.85926, saving model to /data/kimjb/Mask_RCNN/logs/cells20180628T1527/mask_rcnn_cells_0001.h5
Epoch 2/100
 - 35s - loss: 1.6842 - rpn_class_loss: 0.1425 - rpn_bbox_loss: 0.9480 - mrcnn_class_loss: 0.1213 - mrcnn_bbox_loss: 0.2962 - mrcnn_mask_loss: 0.1762 - val_loss: 1.5101 - val_rpn_class_loss: 0.0935 - val_rpn_bbox_loss: 0.9693 - val_mrcnn_class_loss: 0.0952 - val_mrcnn_bbox_loss: 0.2410 - val_mrcnn_mask_loss: 0.1112

Epoch 00002: val_loss improved from 1.85926 to 1.51014, saving model to /data/kimjb/Mask_RCNN/logs/cells20180628T1527/mask_rcnn_cells_0002.h5
Epoch 3/100
 - 47s - loss: 1.3571 - rpn_class_loss: 0.0806 - rpn_bbox_loss: 0.8425 - mrcnn_class_loss: 0.0800 - mrcnn_bbox_loss: 0.2123 - mrcnn_mask_loss: 0.1417 - val_loss: 1.0122 - val_rpn_class_loss: 0.0612 - val_rpn_bbox_loss: 0.6787 - val_mrcnn_class_loss: 0.0216 - val_mrcnn_bbox_loss: 0.1542 - val_mrcnn_mask_loss: 0.0964

Epoch 00003: val_loss improved from 1.51014 to 1.01217, saving model to /data/kimjb/Mask_RCNN/logs/cells20180628T1527/mask_rcnn_cells_0003.h5
Epoch 4/100
 - 51s - loss: 1.1840 - rpn_class_loss: 0.0509 - rpn_bbox_loss: 0.7691 - mrcnn_class_loss: 0.0615 - mrcnn_bbox_loss: 0.1745 - mrcnn_mask_loss: 0.1281 - val_loss: 0.9672 - val_rpn_class_loss: 0.0425 - val_rpn_bbox_loss: 0.6998 - val_mrcnn_class_loss: 0.0185 - val_mrcnn_bbox_loss: 0.1133 - val_mrcnn_mask_loss: 0.0930

Epoch 00004: val_loss improved from 1.01217 to 0.96724, saving model to /data/kimjb/Mask_RCNN/logs/cells20180628T1527/mask_rcnn_cells_0004.h5
Epoch 5/100
 - 51s - loss: 1.1880 - rpn_class_loss: 0.0416 - rpn_bbox_loss: 0.7596 - mrcnn_class_loss: 0.0711 - mrcnn_bbox_loss: 0.1805 - mrcnn_mask_loss: 0.1352 - val_loss: 1.0930 - val_rpn_class_loss: 0.0348 - val_rpn_bbox_loss: 0.7795 - val_mrcnn_class_loss: 0.0646 - val_mrcnn_bbox_loss: 0.1253 - val_mrcnn_mask_loss: 0.0888

Epoch 00005: val_loss did not improve from 0.96724
Epoch 6/100
 - 51s - loss: 1.0715 - rpn_class_loss: 0.0352 - rpn_bbox_loss: 0.6986 - mrcnn_class_loss: 0.0625 - mrcnn_bbox_loss: 0.1551 - mrcnn_mask_loss: 0.1202 - val_loss: 0.9330 - val_rpn_class_loss: 0.0181 - val_rpn_bbox_loss: 0.6653 - val_mrcnn_class_loss: 0.0294 - val_mrcnn_bbox_loss: 0.1330 - val_mrcnn_mask_loss: 0.0872

Epoch 00006: val_loss improved from 0.96724 to 0.93299, saving model to /data/kimjb/Mask_RCNN/logs/cells20180628T1527/mask_rcnn_cells_0006.h5
Epoch 7/100
 - 53s - loss: 1.1178 - rpn_class_loss: 0.0317 - rpn_bbox_loss: 0.7283 - mrcnn_class_loss: 0.0813 - mrcnn_bbox_loss: 0.1530 - mrcnn_mask_loss: 0.1235 - val_loss: 0.9302 - val_rpn_class_loss: 0.0271 - val_rpn_bbox_loss: 0.6477 - val_mrcnn_class_loss: 0.0537 - val_mrcnn_bbox_loss: 0.1142 - val_mrcnn_mask_loss: 0.0876

Epoch 00007: val_loss improved from 0.93299 to 0.93021, saving model to /data/kimjb/Mask_RCNN/logs/cells20180628T1527/mask_rcnn_cells_0007.h5
Epoch 8/100
 - 52s - loss: 1.1199 - rpn_class_loss: 0.0296 - rpn_bbox_loss: 0.6973 - mrcnn_class_loss: 0.0997 - mrcnn_bbox_loss: 0.1579 - mrcnn_mask_loss: 0.1355 - val_loss: 0.8704 - val_rpn_class_loss: 0.0313 - val_rpn_bbox_loss: 0.5837 - val_mrcnn_class_loss: 0.0693 - val_mrcnn_bbox_loss: 0.1022 - val_mrcnn_mask_loss: 0.0838

Epoch 00008: val_loss improved from 0.93021 to 0.87035, saving model to /data/kimjb/Mask_RCNN/logs/cells20180628T1527/mask_rcnn_cells_0008.h5
Epoch 9/100
 - 52s - loss: 1.0494 - rpn_class_loss: 0.0277 - rpn_bbox_loss: 0.6805 - mrcnn_class_loss: 0.0791 - mrcnn_bbox_loss: 0.1398 - mrcnn_mask_loss: 0.1224 - val_loss: 0.8712 - val_rpn_class_loss: 0.0273 - val_rpn_bbox_loss: 0.6152 - val_mrcnn_class_loss: 0.0516 - val_mrcnn_bbox_loss: 0.1025 - val_mrcnn_mask_loss: 0.0746

Epoch 00009: val_loss did not improve from 0.87035
Epoch 10/100
 - 51s - loss: 0.9870 - rpn_class_loss: 0.0264 - rpn_bbox_loss: 0.6504 - mrcnn_class_loss: 0.0789 - mrcnn_bbox_loss: 0.1185 - mrcnn_mask_loss: 0.1128 - val_loss: 0.9055 - val_rpn_class_loss: 0.0225 - val_rpn_bbox_loss: 0.6448 - val_mrcnn_class_loss: 0.0442 - val_mrcnn_bbox_loss: 0.1080 - val_mrcnn_mask_loss: 0.0860

Epoch 00010: val_loss did not improve from 0.87035
Epoch 11/100
 - 56s - loss: 1.0162 - rpn_class_loss: 0.0243 - rpn_bbox_loss: 0.6569 - mrcnn_class_loss: 0.0671 - mrcnn_bbox_loss: 0.1414 - mrcnn_mask_loss: 0.1264 - val_loss: 0.8624 - val_rpn_class_loss: 0.0207 - val_rpn_bbox_loss: 0.6288 - val_mrcnn_class_loss: 0.0570 - val_mrcnn_bbox_loss: 0.0796 - val_mrcnn_mask_loss: 0.0762

Epoch 00011: val_loss improved from 0.87035 to 0.86241, saving model to /data/kimjb/Mask_RCNN/logs/cells20180628T1527/mask_rcnn_cells_0011.h5
Epoch 12/100
 - 55s - loss: 0.9993 - rpn_class_loss: 0.0246 - rpn_bbox_loss: 0.6414 - mrcnn_class_loss: 0.0835 - mrcnn_bbox_loss: 0.1281 - mrcnn_mask_loss: 0.1216 - val_loss: 0.8775 - val_rpn_class_loss: 0.0206 - val_rpn_bbox_loss: 0.6494 - val_mrcnn_class_loss: 0.0515 - val_mrcnn_bbox_loss: 0.0854 - val_mrcnn_mask_loss: 0.0705

Epoch 00012: val_loss did not improve from 0.86241
Epoch 13/100
 - 53s - loss: 1.0232 - rpn_class_loss: 0.0247 - rpn_bbox_loss: 0.6439 - mrcnn_class_loss: 0.0887 - mrcnn_bbox_loss: 0.1369 - mrcnn_mask_loss: 0.1290 - val_loss: 0.8751 - val_rpn_class_loss: 0.0201 - val_rpn_bbox_loss: 0.6250 - val_mrcnn_class_loss: 0.0739 - val_mrcnn_bbox_loss: 0.0834 - val_mrcnn_mask_loss: 0.0728

Epoch 00013: val_loss did not improve from 0.86241
Epoch 14/100
 - 72s - loss: 0.9904 - rpn_class_loss: 0.0226 - rpn_bbox_loss: 0.6344 - mrcnn_class_loss: 0.0800 - mrcnn_bbox_loss: 0.1306 - mrcnn_mask_loss: 0.1228 - val_loss: 0.8790 - val_rpn_class_loss: 0.0154 - val_rpn_bbox_loss: 0.6134 - val_mrcnn_class_loss: 0.0834 - val_mrcnn_bbox_loss: 0.0908 - val_mrcnn_mask_loss: 0.0760

Epoch 00014: val_loss did not improve from 0.86241
Epoch 15/100
 - 50s - loss: 0.9254 - rpn_class_loss: 0.0222 - rpn_bbox_loss: 0.6062 - mrcnn_class_loss: 0.0714 - mrcnn_bbox_loss: 0.1102 - mrcnn_mask_loss: 0.1155 - val_loss: 0.6994 - val_rpn_class_loss: 0.0147 - val_rpn_bbox_loss: 0.5260 - val_mrcnn_class_loss: 0.0241 - val_mrcnn_bbox_loss: 0.0727 - val_mrcnn_mask_loss: 0.0618

Epoch 00015: val_loss improved from 0.86241 to 0.69938, saving model to /data/kimjb/Mask_RCNN/logs/cells20180628T1527/mask_rcnn_cells_0015.h5
Epoch 16/100
 - 48s - loss: 0.9305 - rpn_class_loss: 0.0225 - rpn_bbox_loss: 0.5897 - mrcnn_class_loss: 0.0689 - mrcnn_bbox_loss: 0.1222 - mrcnn_mask_loss: 0.1273 - val_loss: 0.7780 - val_rpn_class_loss: 0.0152 - val_rpn_bbox_loss: 0.5672 - val_mrcnn_class_loss: 0.0445 - val_mrcnn_bbox_loss: 0.0736 - val_mrcnn_mask_loss: 0.0774

Epoch 00016: val_loss did not improve from 0.69938
Epoch 17/100
 - 54s - loss: 0.9570 - rpn_class_loss: 0.0222 - rpn_bbox_loss: 0.6199 - mrcnn_class_loss: 0.0736 - mrcnn_bbox_loss: 0.1216 - mrcnn_mask_loss: 0.1197 - val_loss: 0.9001 - val_rpn_class_loss: 0.0179 - val_rpn_bbox_loss: 0.6106 - val_mrcnn_class_loss: 0.0976 - val_mrcnn_bbox_loss: 0.0931 - val_mrcnn_mask_loss: 0.0808

Epoch 00017: val_loss did not improve from 0.69938
Epoch 18/100
 - 51s - loss: 0.9285 - rpn_class_loss: 0.0199 - rpn_bbox_loss: 0.5913 - mrcnn_class_loss: 0.0897 - mrcnn_bbox_loss: 0.1092 - mrcnn_mask_loss: 0.1185 - val_loss: 0.7345 - val_rpn_class_loss: 0.0233 - val_rpn_bbox_loss: 0.5680 - val_mrcnn_class_loss: 0.0221 - val_mrcnn_bbox_loss: 0.0601 - val_mrcnn_mask_loss: 0.0610

Epoch 00018: val_loss did not improve from 0.69938
Epoch 19/100
 - 54s - loss: 0.9356 - rpn_class_loss: 0.0184 - rpn_bbox_loss: 0.6173 - mrcnn_class_loss: 0.0625 - mrcnn_bbox_loss: 0.1165 - mrcnn_mask_loss: 0.1209 - val_loss: 0.7947 - val_rpn_class_loss: 0.0141 - val_rpn_bbox_loss: 0.5362 - val_mrcnn_class_loss: 0.0633 - val_mrcnn_bbox_loss: 0.1139 - val_mrcnn_mask_loss: 0.0671

Epoch 00019: val_loss did not improve from 0.69938
Epoch 20/100
 - 52s - loss: 0.9217 - rpn_class_loss: 0.0231 - rpn_bbox_loss: 0.5852 - mrcnn_class_loss: 0.0788 - mrcnn_bbox_loss: 0.1143 - mrcnn_mask_loss: 0.1203 - val_loss: 0.8218 - val_rpn_class_loss: 0.0263 - val_rpn_bbox_loss: 0.6214 - val_mrcnn_class_loss: 0.0344 - val_mrcnn_bbox_loss: 0.0693 - val_mrcnn_mask_loss: 0.0704

Epoch 00020: val_loss did not improve from 0.69938
Epoch 21/100
 - 54s - loss: 0.9222 - rpn_class_loss: 0.0205 - rpn_bbox_loss: 0.6005 - mrcnn_class_loss: 0.0796 - mrcnn_bbox_loss: 0.1063 - mrcnn_mask_loss: 0.1152 - val_loss: 0.7175 - val_rpn_class_loss: 0.0119 - val_rpn_bbox_loss: 0.5271 - val_mrcnn_class_loss: 0.0380 - val_mrcnn_bbox_loss: 0.0747 - val_mrcnn_mask_loss: 0.0658

Epoch 00021: val_loss did not improve from 0.69938
Epoch 22/100
 - 54s - loss: 0.9132 - rpn_class_loss: 0.0198 - rpn_bbox_loss: 0.5783 - mrcnn_class_loss: 0.0727 - mrcnn_bbox_loss: 0.1163 - mrcnn_mask_loss: 0.1260 - val_loss: 0.7915 - val_rpn_class_loss: 0.0279 - val_rpn_bbox_loss: 0.5593 - val_mrcnn_class_loss: 0.0387 - val_mrcnn_bbox_loss: 0.0867 - val_mrcnn_mask_loss: 0.0790

Epoch 00022: val_loss did not improve from 0.69938
Epoch 23/100
 - 57s - loss: 0.9084 - rpn_class_loss: 0.0198 - rpn_bbox_loss: 0.5766 - mrcnn_class_loss: 0.0704 - mrcnn_bbox_loss: 0.1198 - mrcnn_mask_loss: 0.1218 - val_loss: 0.6950 - val_rpn_class_loss: 0.0156 - val_rpn_bbox_loss: 0.5237 - val_mrcnn_class_loss: 0.0218 - val_mrcnn_bbox_loss: 0.0767 - val_mrcnn_mask_loss: 0.0572

Epoch 00023: val_loss improved from 0.69938 to 0.69495, saving model to /data/kimjb/Mask_RCNN/logs/cells20180628T1527/mask_rcnn_cells_0023.h5
Epoch 24/100
 - 55s - loss: 0.8698 - rpn_class_loss: 0.0172 - rpn_bbox_loss: 0.5740 - mrcnn_class_loss: 0.0687 - mrcnn_bbox_loss: 0.0994 - mrcnn_mask_loss: 0.1105 - val_loss: 0.8116 - val_rpn_class_loss: 0.0149 - val_rpn_bbox_loss: 0.6123 - val_mrcnn_class_loss: 0.0603 - val_mrcnn_bbox_loss: 0.0668 - val_mrcnn_mask_loss: 0.0573

Epoch 00024: val_loss did not improve from 0.69495
Epoch 25/100
 - 56s - loss: 0.9273 - rpn_class_loss: 0.0193 - rpn_bbox_loss: 0.5643 - mrcnn_class_loss: 0.0885 - mrcnn_bbox_loss: 0.1200 - mrcnn_mask_loss: 0.1351 - val_loss: 0.7725 - val_rpn_class_loss: 0.0162 - val_rpn_bbox_loss: 0.5887 - val_mrcnn_class_loss: 0.0390 - val_mrcnn_bbox_loss: 0.0675 - val_mrcnn_mask_loss: 0.0611

Epoch 00025: val_loss did not improve from 0.69495
Epoch 26/100
 - 54s - loss: 0.9355 - rpn_class_loss: 0.0235 - rpn_bbox_loss: 0.5888 - mrcnn_class_loss: 0.0868 - mrcnn_bbox_loss: 0.1136 - mrcnn_mask_loss: 0.1227 - val_loss: 0.7285 - val_rpn_class_loss: 0.0087 - val_rpn_bbox_loss: 0.5301 - val_mrcnn_class_loss: 0.0363 - val_mrcnn_bbox_loss: 0.0816 - val_mrcnn_mask_loss: 0.0719

Epoch 00026: val_loss did not improve from 0.69495
Epoch 27/100
 - 50s - loss: 0.8474 - rpn_class_loss: 0.0167 - rpn_bbox_loss: 0.5421 - mrcnn_class_loss: 0.0748 - mrcnn_bbox_loss: 0.1011 - mrcnn_mask_loss: 0.1127 - val_loss: 0.7659 - val_rpn_class_loss: 0.0212 - val_rpn_bbox_loss: 0.5605 - val_mrcnn_class_loss: 0.0525 - val_mrcnn_bbox_loss: 0.0736 - val_mrcnn_mask_loss: 0.0580

Epoch 00027: val_loss did not improve from 0.69495
Epoch 28/100
 - 50s - loss: 0.8810 - rpn_class_loss: 0.0186 - rpn_bbox_loss: 0.5460 - mrcnn_class_loss: 0.0834 - mrcnn_bbox_loss: 0.1116 - mrcnn_mask_loss: 0.1214 - val_loss: 0.7230 - val_rpn_class_loss: 0.0129 - val_rpn_bbox_loss: 0.5171 - val_mrcnn_class_loss: 0.0762 - val_mrcnn_bbox_loss: 0.0548 - val_mrcnn_mask_loss: 0.0620

Epoch 00028: val_loss did not improve from 0.69495
Epoch 29/100
 - 57s - loss: 0.9120 - rpn_class_loss: 0.0205 - rpn_bbox_loss: 0.5740 - mrcnn_class_loss: 0.0782 - mrcnn_bbox_loss: 0.1140 - mrcnn_mask_loss: 0.1254 - val_loss: 0.8410 - val_rpn_class_loss: 0.0203 - val_rpn_bbox_loss: 0.5981 - val_mrcnn_class_loss: 0.0703 - val_mrcnn_bbox_loss: 0.0713 - val_mrcnn_mask_loss: 0.0809

Epoch 00029: val_loss did not improve from 0.69495
Epoch 30/100
 - 53s - loss: 0.8024 - rpn_class_loss: 0.0158 - rpn_bbox_loss: 0.5327 - mrcnn_class_loss: 0.0556 - mrcnn_bbox_loss: 0.0913 - mrcnn_mask_loss: 0.1070 - val_loss: 0.7028 - val_rpn_class_loss: 0.0116 - val_rpn_bbox_loss: 0.5101 - val_mrcnn_class_loss: 0.0269 - val_mrcnn_bbox_loss: 0.0784 - val_mrcnn_mask_loss: 0.0758

Epoch 00030: val_loss did not improve from 0.69495
Epoch 31/100
 - 54s - loss: 0.9065 - rpn_class_loss: 0.0200 - rpn_bbox_loss: 0.5451 - mrcnn_class_loss: 0.0814 - mrcnn_bbox_loss: 0.1224 - mrcnn_mask_loss: 0.1376 - val_loss: 0.6589 - val_rpn_class_loss: 0.0178 - val_rpn_bbox_loss: 0.5123 - val_mrcnn_class_loss: 0.0184 - val_mrcnn_bbox_loss: 0.0461 - val_mrcnn_mask_loss: 0.0643

Epoch 00031: val_loss improved from 0.69495 to 0.65895, saving model to /data/kimjb/Mask_RCNN/logs/cells20180628T1527/mask_rcnn_cells_0031.h5
Epoch 32/100
 - 53s - loss: 0.8907 - rpn_class_loss: 0.0194 - rpn_bbox_loss: 0.5459 - mrcnn_class_loss: 0.0841 - mrcnn_bbox_loss: 0.1123 - mrcnn_mask_loss: 0.1289 - val_loss: 0.7696 - val_rpn_class_loss: 0.0138 - val_rpn_bbox_loss: 0.5139 - val_mrcnn_class_loss: 0.0820 - val_mrcnn_bbox_loss: 0.0735 - val_mrcnn_mask_loss: 0.0864

Epoch 00032: val_loss did not improve from 0.65895
Epoch 33/100
 - 50s - loss: 0.8560 - rpn_class_loss: 0.0194 - rpn_bbox_loss: 0.5455 - mrcnn_class_loss: 0.0764 - mrcnn_bbox_loss: 0.1036 - mrcnn_mask_loss: 0.1111 - val_loss: 0.6476 - val_rpn_class_loss: 0.0101 - val_rpn_bbox_loss: 0.4290 - val_mrcnn_class_loss: 0.0500 - val_mrcnn_bbox_loss: 0.0845 - val_mrcnn_mask_loss: 0.0740

Epoch 00033: val_loss improved from 0.65895 to 0.64762, saving model to /data/kimjb/Mask_RCNN/logs/cells20180628T1527/mask_rcnn_cells_0033.h5
Epoch 34/100
 - 51s - loss: 0.8345 - rpn_class_loss: 0.0154 - rpn_bbox_loss: 0.5316 - mrcnn_class_loss: 0.0777 - mrcnn_bbox_loss: 0.1000 - mrcnn_mask_loss: 0.1099 - val_loss: 0.8226 - val_rpn_class_loss: 0.0185 - val_rpn_bbox_loss: 0.5010 - val_mrcnn_class_loss: 0.1124 - val_mrcnn_bbox_loss: 0.0938 - val_mrcnn_mask_loss: 0.0970

Epoch 00034: val_loss did not improve from 0.64762
Epoch 35/100
 - 58s - loss: 0.8800 - rpn_class_loss: 0.0161 - rpn_bbox_loss: 0.5401 - mrcnn_class_loss: 0.0799 - mrcnn_bbox_loss: 0.1095 - mrcnn_mask_loss: 0.1345 - val_loss: 0.8244 - val_rpn_class_loss: 0.0145 - val_rpn_bbox_loss: 0.6015 - val_mrcnn_class_loss: 0.0766 - val_mrcnn_bbox_loss: 0.0645 - val_mrcnn_mask_loss: 0.0672

Epoch 00035: val_loss did not improve from 0.64762
Epoch 36/100
 - 53s - loss: 0.8375 - rpn_class_loss: 0.0162 - rpn_bbox_loss: 0.5458 - mrcnn_class_loss: 0.0656 - mrcnn_bbox_loss: 0.0927 - mrcnn_mask_loss: 0.1171 - val_loss: 0.7902 - val_rpn_class_loss: 0.0098 - val_rpn_bbox_loss: 0.5627 - val_mrcnn_class_loss: 0.0496 - val_mrcnn_bbox_loss: 0.0847 - val_mrcnn_mask_loss: 0.0834

Epoch 00036: val_loss did not improve from 0.64762
Epoch 37/100
 - 52s - loss: 0.8309 - rpn_class_loss: 0.0157 - rpn_bbox_loss: 0.5327 - mrcnn_class_loss: 0.0595 - mrcnn_bbox_loss: 0.1039 - mrcnn_mask_loss: 0.1191 - val_loss: 0.6896 - val_rpn_class_loss: 0.0201 - val_rpn_bbox_loss: 0.4882 - val_mrcnn_class_loss: 0.0279 - val_mrcnn_bbox_loss: 0.0832 - val_mrcnn_mask_loss: 0.0703

Epoch 00037: val_loss did not improve from 0.64762
Epoch 38/100
 - 53s - loss: 0.8941 - rpn_class_loss: 0.0165 - rpn_bbox_loss: 0.5220 - mrcnn_class_loss: 0.0908 - mrcnn_bbox_loss: 0.1238 - mrcnn_mask_loss: 0.1410 - val_loss: 0.8144 - val_rpn_class_loss: 0.0125 - val_rpn_bbox_loss: 0.5673 - val_mrcnn_class_loss: 0.1032 - val_mrcnn_bbox_loss: 0.0537 - val_mrcnn_mask_loss: 0.0776

Epoch 00038: val_loss did not improve from 0.64762
Epoch 39/100
 - 54s - loss: 0.8974 - rpn_class_loss: 0.0181 - rpn_bbox_loss: 0.5312 - mrcnn_class_loss: 0.0954 - mrcnn_bbox_loss: 0.1190 - mrcnn_mask_loss: 0.1337 - val_loss: 0.7837 - val_rpn_class_loss: 0.0185 - val_rpn_bbox_loss: 0.5902 - val_mrcnn_class_loss: 0.0405 - val_mrcnn_bbox_loss: 0.0636 - val_mrcnn_mask_loss: 0.0709

Epoch 00039: val_loss did not improve from 0.64762
Epoch 40/100
 - 50s - loss: 0.8267 - rpn_class_loss: 0.0154 - rpn_bbox_loss: 0.5250 - mrcnn_class_loss: 0.0731 - mrcnn_bbox_loss: 0.1011 - mrcnn_mask_loss: 0.1121 - val_loss: 0.6436 - val_rpn_class_loss: 0.0120 - val_rpn_bbox_loss: 0.4875 - val_mrcnn_class_loss: 0.0174 - val_mrcnn_bbox_loss: 0.0617 - val_mrcnn_mask_loss: 0.0650

Epoch 00040: val_loss improved from 0.64762 to 0.64363, saving model to /data/kimjb/Mask_RCNN/logs/cells20180628T1527/mask_rcnn_cells_0040.h5
Epoch 41/100
 - 55s - loss: 0.8945 - rpn_class_loss: 0.0200 - rpn_bbox_loss: 0.5273 - mrcnn_class_loss: 0.0948 - mrcnn_bbox_loss: 0.1150 - mrcnn_mask_loss: 0.1373 - val_loss: 0.6156 - val_rpn_class_loss: 0.0086 - val_rpn_bbox_loss: 0.4634 - val_mrcnn_class_loss: 0.0235 - val_mrcnn_bbox_loss: 0.0471 - val_mrcnn_mask_loss: 0.0729

Epoch 00041: val_loss improved from 0.64363 to 0.61556, saving model to /data/kimjb/Mask_RCNN/logs/cells20180628T1527/mask_rcnn_cells_0041.h5
Epoch 42/100
 - 51s - loss: 0.8271 - rpn_class_loss: 0.0183 - rpn_bbox_loss: 0.4936 - mrcnn_class_loss: 0.0870 - mrcnn_bbox_loss: 0.1106 - mrcnn_mask_loss: 0.1175 - val_loss: 0.7294 - val_rpn_class_loss: 0.0128 - val_rpn_bbox_loss: 0.5354 - val_mrcnn_class_loss: 0.0241 - val_mrcnn_bbox_loss: 0.0822 - val_mrcnn_mask_loss: 0.0749

Epoch 00042: val_loss did not improve from 0.61556
Epoch 43/100
 - 51s - loss: 0.8576 - rpn_class_loss: 0.0165 - rpn_bbox_loss: 0.5307 - mrcnn_class_loss: 0.0699 - mrcnn_bbox_loss: 0.1109 - mrcnn_mask_loss: 0.1295 - val_loss: 0.7722 - val_rpn_class_loss: 0.0092 - val_rpn_bbox_loss: 0.5643 - val_mrcnn_class_loss: 0.0415 - val_mrcnn_bbox_loss: 0.0722 - val_mrcnn_mask_loss: 0.0851

Epoch 00043: val_loss did not improve from 0.61556
Epoch 44/100
 - 52s - loss: 0.8770 - rpn_class_loss: 0.0136 - rpn_bbox_loss: 0.5400 - mrcnn_class_loss: 0.0739 - mrcnn_bbox_loss: 0.1132 - mrcnn_mask_loss: 0.1363 - val_loss: 0.7523 - val_rpn_class_loss: 0.0153 - val_rpn_bbox_loss: 0.4708 - val_mrcnn_class_loss: 0.0967 - val_mrcnn_bbox_loss: 0.0952 - val_mrcnn_mask_loss: 0.0744

Epoch 00044: val_loss did not improve from 0.61556
Epoch 45/100
 - 52s - loss: 0.8457 - rpn_class_loss: 0.0162 - rpn_bbox_loss: 0.5002 - mrcnn_class_loss: 0.0942 - mrcnn_bbox_loss: 0.1084 - mrcnn_mask_loss: 0.1268 - val_loss: 0.6643 - val_rpn_class_loss: 0.0076 - val_rpn_bbox_loss: 0.4865 - val_mrcnn_class_loss: 0.0456 - val_mrcnn_bbox_loss: 0.0621 - val_mrcnn_mask_loss: 0.0624

Epoch 00045: val_loss did not improve from 0.61556
Epoch 46/100
 - 54s - loss: 0.8727 - rpn_class_loss: 0.0177 - rpn_bbox_loss: 0.5128 - mrcnn_class_loss: 0.0927 - mrcnn_bbox_loss: 0.1143 - mrcnn_mask_loss: 0.1352 - val_loss: 0.7135 - val_rpn_class_loss: 0.0164 - val_rpn_bbox_loss: 0.4762 - val_mrcnn_class_loss: 0.0489 - val_mrcnn_bbox_loss: 0.0853 - val_mrcnn_mask_loss: 0.0868

Epoch 00046: val_loss did not improve from 0.61556
Epoch 47/100
 - 56s - loss: 0.8238 - rpn_class_loss: 0.0148 - rpn_bbox_loss: 0.5032 - mrcnn_class_loss: 0.0767 - mrcnn_bbox_loss: 0.1055 - mrcnn_mask_loss: 0.1236 - val_loss: 0.6915 - val_rpn_class_loss: 0.0072 - val_rpn_bbox_loss: 0.4871 - val_mrcnn_class_loss: 0.0620 - val_mrcnn_bbox_loss: 0.0678 - val_mrcnn_mask_loss: 0.0674

Epoch 00047: val_loss did not improve from 0.61556
Epoch 48/100
 - 54s - loss: 0.8383 - rpn_class_loss: 0.0218 - rpn_bbox_loss: 0.5091 - mrcnn_class_loss: 0.0763 - mrcnn_bbox_loss: 0.1030 - mrcnn_mask_loss: 0.1281 - val_loss: 0.6677 - val_rpn_class_loss: 0.0080 - val_rpn_bbox_loss: 0.4963 - val_mrcnn_class_loss: 0.0153 - val_mrcnn_bbox_loss: 0.0710 - val_mrcnn_mask_loss: 0.0771

Epoch 00048: val_loss did not improve from 0.61556
Epoch 49/100
 - 53s - loss: 0.7899 - rpn_class_loss: 0.0152 - rpn_bbox_loss: 0.5145 - mrcnn_class_loss: 0.0645 - mrcnn_bbox_loss: 0.0881 - mrcnn_mask_loss: 0.1076 - val_loss: 0.7310 - val_rpn_class_loss: 0.0143 - val_rpn_bbox_loss: 0.5471 - val_mrcnn_class_loss: 0.0553 - val_mrcnn_bbox_loss: 0.0516 - val_mrcnn_mask_loss: 0.0627

Epoch 00049: val_loss did not improve from 0.61556
Epoch 50/100
 - 59s - loss: 0.8722 - rpn_class_loss: 0.0184 - rpn_bbox_loss: 0.5260 - mrcnn_class_loss: 0.0914 - mrcnn_bbox_loss: 0.1073 - mrcnn_mask_loss: 0.1290 - val_loss: 0.8393 - val_rpn_class_loss: 0.0167 - val_rpn_bbox_loss: 0.6310 - val_mrcnn_class_loss: 0.0524 - val_mrcnn_bbox_loss: 0.0676 - val_mrcnn_mask_loss: 0.0715

Epoch 00050: val_loss did not improve from 0.61556
Epoch 51/100
 - 53s - loss: 0.8026 - rpn_class_loss: 0.0149 - rpn_bbox_loss: 0.4953 - mrcnn_class_loss: 0.0735 - mrcnn_bbox_loss: 0.1020 - mrcnn_mask_loss: 0.1169 - val_loss: 0.6370 - val_rpn_class_loss: 0.0088 - val_rpn_bbox_loss: 0.4654 - val_mrcnn_class_loss: 0.0538 - val_mrcnn_bbox_loss: 0.0497 - val_mrcnn_mask_loss: 0.0593

Epoch 00051: val_loss did not improve from 0.61556
Epoch 52/100
 - 62s - loss: 0.8938 - rpn_class_loss: 0.0160 - rpn_bbox_loss: 0.5221 - mrcnn_class_loss: 0.0835 - mrcnn_bbox_loss: 0.1299 - mrcnn_mask_loss: 0.1423 - val_loss: 0.7196 - val_rpn_class_loss: 0.0153 - val_rpn_bbox_loss: 0.4457 - val_mrcnn_class_loss: 0.1083 - val_mrcnn_bbox_loss: 0.0641 - val_mrcnn_mask_loss: 0.0862

Epoch 00052: val_loss did not improve from 0.61556
Epoch 53/100
 - 58s - loss: 0.7678 - rpn_class_loss: 0.0137 - rpn_bbox_loss: 0.4982 - mrcnn_class_loss: 0.0636 - mrcnn_bbox_loss: 0.0846 - mrcnn_mask_loss: 0.1077 - val_loss: 0.6815 - val_rpn_class_loss: 0.0173 - val_rpn_bbox_loss: 0.4737 - val_mrcnn_class_loss: 0.0325 - val_mrcnn_bbox_loss: 0.0846 - val_mrcnn_mask_loss: 0.0733

Epoch 00053: val_loss did not improve from 0.61556
Epoch 54/100
 - 56s - loss: 0.7948 - rpn_class_loss: 0.0138 - rpn_bbox_loss: 0.5028 - mrcnn_class_loss: 0.0613 - mrcnn_bbox_loss: 0.0922 - mrcnn_mask_loss: 0.1248 - val_loss: 0.6877 - val_rpn_class_loss: 0.0071 - val_rpn_bbox_loss: 0.4616 - val_mrcnn_class_loss: 0.0934 - val_mrcnn_bbox_loss: 0.0659 - val_mrcnn_mask_loss: 0.0597

Epoch 00054: val_loss did not improve from 0.61556
Epoch 55/100
 - 57s - loss: 0.8499 - rpn_class_loss: 0.0175 - rpn_bbox_loss: 0.5150 - mrcnn_class_loss: 0.0769 - mrcnn_bbox_loss: 0.1080 - mrcnn_mask_loss: 0.1325 - val_loss: 0.6223 - val_rpn_class_loss: 0.0070 - val_rpn_bbox_loss: 0.4150 - val_mrcnn_class_loss: 0.0664 - val_mrcnn_bbox_loss: 0.0527 - val_mrcnn_mask_loss: 0.0812

Epoch 00055: val_loss did not improve from 0.61556
Epoch 56/100
 - 54s - loss: 0.8460 - rpn_class_loss: 0.0160 - rpn_bbox_loss: 0.5045 - mrcnn_class_loss: 0.0916 - mrcnn_bbox_loss: 0.1052 - mrcnn_mask_loss: 0.1287 - val_loss: 0.9104 - val_rpn_class_loss: 0.0168 - val_rpn_bbox_loss: 0.5818 - val_mrcnn_class_loss: 0.0989 - val_mrcnn_bbox_loss: 0.1197 - val_mrcnn_mask_loss: 0.0932

Epoch 00056: val_loss did not improve from 0.61556
Epoch 57/100
 - 57s - loss: 0.8400 - rpn_class_loss: 0.0134 - rpn_bbox_loss: 0.5015 - mrcnn_class_loss: 0.0852 - mrcnn_bbox_loss: 0.1116 - mrcnn_mask_loss: 0.1283 - val_loss: 0.7323 - val_rpn_class_loss: 0.0102 - val_rpn_bbox_loss: 0.5528 - val_mrcnn_class_loss: 0.0401 - val_mrcnn_bbox_loss: 0.0713 - val_mrcnn_mask_loss: 0.0579

Epoch 00057: val_loss did not improve from 0.61556
Epoch 58/100
 - 56s - loss: 0.7827 - rpn_class_loss: 0.0148 - rpn_bbox_loss: 0.5010 - mrcnn_class_loss: 0.0575 - mrcnn_bbox_loss: 0.0942 - mrcnn_mask_loss: 0.1152 - val_loss: 0.6688 - val_rpn_class_loss: 0.0084 - val_rpn_bbox_loss: 0.4561 - val_mrcnn_class_loss: 0.0658 - val_mrcnn_bbox_loss: 0.0660 - val_mrcnn_mask_loss: 0.0726

Epoch 00058: val_loss did not improve from 0.61556
Epoch 59/100
 - 53s - loss: 0.8325 - rpn_class_loss: 0.0129 - rpn_bbox_loss: 0.4924 - mrcnn_class_loss: 0.0806 - mrcnn_bbox_loss: 0.1125 - mrcnn_mask_loss: 0.1341 - val_loss: 0.7112 - val_rpn_class_loss: 0.0124 - val_rpn_bbox_loss: 0.5134 - val_mrcnn_class_loss: 0.0259 - val_mrcnn_bbox_loss: 0.0813 - val_mrcnn_mask_loss: 0.0783

Epoch 00059: val_loss did not improve from 0.61556
Epoch 60/100
 - 56s - loss: 0.8249 - rpn_class_loss: 0.0194 - rpn_bbox_loss: 0.5028 - mrcnn_class_loss: 0.0738 - mrcnn_bbox_loss: 0.1018 - mrcnn_mask_loss: 0.1271 - val_loss: 0.6617 - val_rpn_class_loss: 0.0085 - val_rpn_bbox_loss: 0.4309 - val_mrcnn_class_loss: 0.0695 - val_mrcnn_bbox_loss: 0.0728 - val_mrcnn_mask_loss: 0.0798

Epoch 00060: val_loss did not improve from 0.61556
Epoch 61/100
 - 57s - loss: 0.8135 - rpn_class_loss: 0.0127 - rpn_bbox_loss: 0.4860 - mrcnn_class_loss: 0.0825 - mrcnn_bbox_loss: 0.1007 - mrcnn_mask_loss: 0.1316 - val_loss: 0.6846 - val_rpn_class_loss: 0.0082 - val_rpn_bbox_loss: 0.4581 - val_mrcnn_class_loss: 0.0793 - val_mrcnn_bbox_loss: 0.0624 - val_mrcnn_mask_loss: 0.0766

Epoch 00061: val_loss did not improve from 0.61556
Epoch 62/100
 - 59s - loss: 0.8032 - rpn_class_loss: 0.0146 - rpn_bbox_loss: 0.4809 - mrcnn_class_loss: 0.0854 - mrcnn_bbox_loss: 0.0961 - mrcnn_mask_loss: 0.1263 - val_loss: 0.7091 - val_rpn_class_loss: 0.0109 - val_rpn_bbox_loss: 0.5012 - val_mrcnn_class_loss: 0.0680 - val_mrcnn_bbox_loss: 0.0687 - val_mrcnn_mask_loss: 0.0604

Epoch 00062: val_loss did not improve from 0.61556
Epoch 63/100
 - 64s - loss: 0.8922 - rpn_class_loss: 0.0158 - rpn_bbox_loss: 0.5147 - mrcnn_class_loss: 0.0874 - mrcnn_bbox_loss: 0.1310 - mrcnn_mask_loss: 0.1433 - val_loss: 0.6590 - val_rpn_class_loss: 0.0043 - val_rpn_bbox_loss: 0.4672 - val_mrcnn_class_loss: 0.0376 - val_mrcnn_bbox_loss: 0.0708 - val_mrcnn_mask_loss: 0.0792

Epoch 00063: val_loss did not improve from 0.61556
Epoch 64/100
 - 58s - loss: 0.7865 - rpn_class_loss: 0.0123 - rpn_bbox_loss: 0.4976 - mrcnn_class_loss: 0.0587 - mrcnn_bbox_loss: 0.0907 - mrcnn_mask_loss: 0.1273 - val_loss: 0.7106 - val_rpn_class_loss: 0.0098 - val_rpn_bbox_loss: 0.4584 - val_mrcnn_class_loss: 0.0634 - val_mrcnn_bbox_loss: 0.0888 - val_mrcnn_mask_loss: 0.0902

Epoch 00064: val_loss did not improve from 0.61556
Epoch 65/100
 - 58s - loss: 0.7793 - rpn_class_loss: 0.0155 - rpn_bbox_loss: 0.4726 - mrcnn_class_loss: 0.0715 - mrcnn_bbox_loss: 0.0993 - mrcnn_mask_loss: 0.1203 - val_loss: 0.6622 - val_rpn_class_loss: 0.0149 - val_rpn_bbox_loss: 0.4912 - val_mrcnn_class_loss: 0.0193 - val_mrcnn_bbox_loss: 0.0658 - val_mrcnn_mask_loss: 0.0710

Epoch 00065: val_loss did not improve from 0.61556
Epoch 66/100
 - 59s - loss: 0.7847 - rpn_class_loss: 0.0159 - rpn_bbox_loss: 0.4905 - mrcnn_class_loss: 0.0686 - mrcnn_bbox_loss: 0.0930 - mrcnn_mask_loss: 0.1166 - val_loss: 0.7190 - val_rpn_class_loss: 0.0167 - val_rpn_bbox_loss: 0.5573 - val_mrcnn_class_loss: 0.0190 - val_mrcnn_bbox_loss: 0.0562 - val_mrcnn_mask_loss: 0.0697

Epoch 00066: val_loss did not improve from 0.61556
Epoch 67/100
 - 55s - loss: 0.7910 - rpn_class_loss: 0.0140 - rpn_bbox_loss: 0.4836 - mrcnn_class_loss: 0.0848 - mrcnn_bbox_loss: 0.0936 - mrcnn_mask_loss: 0.1151 - val_loss: 0.6633 - val_rpn_class_loss: 0.0128 - val_rpn_bbox_loss: 0.4319 - val_mrcnn_class_loss: 0.0571 - val_mrcnn_bbox_loss: 0.0828 - val_mrcnn_mask_loss: 0.0788

Epoch 00067: val_loss did not improve from 0.61556
Epoch 68/100
 - 63s - loss: 0.8241 - rpn_class_loss: 0.0138 - rpn_bbox_loss: 0.4877 - mrcnn_class_loss: 0.0806 - mrcnn_bbox_loss: 0.1132 - mrcnn_mask_loss: 0.1289 - val_loss: 0.5680 - val_rpn_class_loss: 0.0107 - val_rpn_bbox_loss: 0.3624 - val_mrcnn_class_loss: 0.0552 - val_mrcnn_bbox_loss: 0.0625 - val_mrcnn_mask_loss: 0.0772

Epoch 00068: val_loss improved from 0.61556 to 0.56797, saving model to /data/kimjb/Mask_RCNN/logs/cells20180628T1527/mask_rcnn_cells_0068.h5
Epoch 69/100
 - 55s - loss: 0.8039 - rpn_class_loss: 0.0142 - rpn_bbox_loss: 0.4974 - mrcnn_class_loss: 0.0695 - mrcnn_bbox_loss: 0.1005 - mrcnn_mask_loss: 0.1223 - val_loss: 0.7199 - val_rpn_class_loss: 0.0138 - val_rpn_bbox_loss: 0.4459 - val_mrcnn_class_loss: 0.1185 - val_mrcnn_bbox_loss: 0.0733 - val_mrcnn_mask_loss: 0.0684

Epoch 00069: val_loss did not improve from 0.56797
Epoch 70/100
 - 58s - loss: 0.8230 - rpn_class_loss: 0.0143 - rpn_bbox_loss: 0.4883 - mrcnn_class_loss: 0.0847 - mrcnn_bbox_loss: 0.1051 - mrcnn_mask_loss: 0.1307 - val_loss: 0.7034 - val_rpn_class_loss: 0.0134 - val_rpn_bbox_loss: 0.4882 - val_mrcnn_class_loss: 0.0632 - val_mrcnn_bbox_loss: 0.0692 - val_mrcnn_mask_loss: 0.0694

Epoch 00070: val_loss did not improve from 0.56797
Epoch 71/100
 - 58s - loss: 0.8124 - rpn_class_loss: 0.0117 - rpn_bbox_loss: 0.4693 - mrcnn_class_loss: 0.0847 - mrcnn_bbox_loss: 0.1107 - mrcnn_mask_loss: 0.1360 - val_loss: 0.6614 - val_rpn_class_loss: 0.0064 - val_rpn_bbox_loss: 0.5163 - val_mrcnn_class_loss: 0.0376 - val_mrcnn_bbox_loss: 0.0435 - val_mrcnn_mask_loss: 0.0576

Epoch 00071: val_loss did not improve from 0.56797
Epoch 72/100
 - 53s - loss: 0.7558 - rpn_class_loss: 0.0127 - rpn_bbox_loss: 0.4922 - mrcnn_class_loss: 0.0605 - mrcnn_bbox_loss: 0.0831 - mrcnn_mask_loss: 0.1073 - val_loss: 0.6965 - val_rpn_class_loss: 0.0115 - val_rpn_bbox_loss: 0.5361 - val_mrcnn_class_loss: 0.0407 - val_mrcnn_bbox_loss: 0.0477 - val_mrcnn_mask_loss: 0.0605

Epoch 00072: val_loss did not improve from 0.56797
Epoch 73/100
 - 57s - loss: 0.7510 - rpn_class_loss: 0.0123 - rpn_bbox_loss: 0.4754 - mrcnn_class_loss: 0.0689 - mrcnn_bbox_loss: 0.0858 - mrcnn_mask_loss: 0.1085 - val_loss: 0.6207 - val_rpn_class_loss: 0.0082 - val_rpn_bbox_loss: 0.3736 - val_mrcnn_class_loss: 0.0640 - val_mrcnn_bbox_loss: 0.0878 - val_mrcnn_mask_loss: 0.0870

Epoch 00073: val_loss did not improve from 0.56797
Epoch 74/100
 - 55s - loss: 0.7913 - rpn_class_loss: 0.0135 - rpn_bbox_loss: 0.4897 - mrcnn_class_loss: 0.0665 - mrcnn_bbox_loss: 0.1000 - mrcnn_mask_loss: 0.1216 - val_loss: 0.6552 - val_rpn_class_loss: 0.0096 - val_rpn_bbox_loss: 0.4948 - val_mrcnn_class_loss: 0.0204 - val_mrcnn_bbox_loss: 0.0651 - val_mrcnn_mask_loss: 0.0653

Epoch 00074: val_loss did not improve from 0.56797
Epoch 75/100
 - 58s - loss: 0.7865 - rpn_class_loss: 0.0130 - rpn_bbox_loss: 0.4655 - mrcnn_class_loss: 0.0777 - mrcnn_bbox_loss: 0.1058 - mrcnn_mask_loss: 0.1245 - val_loss: 0.7569 - val_rpn_class_loss: 0.0168 - val_rpn_bbox_loss: 0.5287 - val_mrcnn_class_loss: 0.0786 - val_mrcnn_bbox_loss: 0.0607 - val_mrcnn_mask_loss: 0.0721

Epoch 00075: val_loss did not improve from 0.56797
Epoch 76/100
 - 52s - loss: 0.7637 - rpn_class_loss: 0.0121 - rpn_bbox_loss: 0.4652 - mrcnn_class_loss: 0.0805 - mrcnn_bbox_loss: 0.0932 - mrcnn_mask_loss: 0.1127 - val_loss: 0.6124 - val_rpn_class_loss: 0.0062 - val_rpn_bbox_loss: 0.4959 - val_mrcnn_class_loss: 0.0167 - val_mrcnn_bbox_loss: 0.0452 - val_mrcnn_mask_loss: 0.0485

Epoch 00076: val_loss did not improve from 0.56797
Epoch 77/100
 - 57s - loss: 0.8019 - rpn_class_loss: 0.0176 - rpn_bbox_loss: 0.4790 - mrcnn_class_loss: 0.0745 - mrcnn_bbox_loss: 0.0991 - mrcnn_mask_loss: 0.1317 - val_loss: 0.6122 - val_rpn_class_loss: 0.0111 - val_rpn_bbox_loss: 0.4529 - val_mrcnn_class_loss: 0.0259 - val_mrcnn_bbox_loss: 0.0591 - val_mrcnn_mask_loss: 0.0631

Epoch 00077: val_loss did not improve from 0.56797
Epoch 78/100
 - 51s - loss: 0.7388 - rpn_class_loss: 0.0130 - rpn_bbox_loss: 0.4759 - mrcnn_class_loss: 0.0541 - mrcnn_bbox_loss: 0.0858 - mrcnn_mask_loss: 0.1100 - val_loss: 0.6156 - val_rpn_class_loss: 0.0136 - val_rpn_bbox_loss: 0.4321 - val_mrcnn_class_loss: 0.0181 - val_mrcnn_bbox_loss: 0.0822 - val_mrcnn_mask_loss: 0.0696

Epoch 00078: val_loss did not improve from 0.56797
Epoch 79/100
 - 56s - loss: 0.7725 - rpn_class_loss: 0.0138 - rpn_bbox_loss: 0.4636 - mrcnn_class_loss: 0.0738 - mrcnn_bbox_loss: 0.0974 - mrcnn_mask_loss: 0.1239 - val_loss: 0.6273 - val_rpn_class_loss: 0.0081 - val_rpn_bbox_loss: 0.4927 - val_mrcnn_class_loss: 0.0322 - val_mrcnn_bbox_loss: 0.0370 - val_mrcnn_mask_loss: 0.0573

Epoch 00079: val_loss did not improve from 0.56797
Epoch 80/100
 - 51s - loss: 0.8651 - rpn_class_loss: 0.0169 - rpn_bbox_loss: 0.4981 - mrcnn_class_loss: 0.0932 - mrcnn_bbox_loss: 0.1137 - mrcnn_mask_loss: 0.1432 - val_loss: 0.6618 - val_rpn_class_loss: 0.0087 - val_rpn_bbox_loss: 0.4751 - val_mrcnn_class_loss: 0.0335 - val_mrcnn_bbox_loss: 0.0642 - val_mrcnn_mask_loss: 0.0803

Epoch 00080: val_loss did not improve from 0.56797
Epoch 81/100
 - 54s - loss: 0.7754 - rpn_class_loss: 0.0118 - rpn_bbox_loss: 0.4769 - mrcnn_class_loss: 0.0766 - mrcnn_bbox_loss: 0.0911 - mrcnn_mask_loss: 0.1190 - val_loss: 0.6787 - val_rpn_class_loss: 0.0045 - val_rpn_bbox_loss: 0.4524 - val_mrcnn_class_loss: 0.0802 - val_mrcnn_bbox_loss: 0.0702 - val_mrcnn_mask_loss: 0.0714

Epoch 00081: val_loss did not improve from 0.56797
Epoch 82/100
 - 53s - loss: 0.8018 - rpn_class_loss: 0.0167 - rpn_bbox_loss: 0.4756 - mrcnn_class_loss: 0.0721 - mrcnn_bbox_loss: 0.1053 - mrcnn_mask_loss: 0.1321 - val_loss: 0.6565 - val_rpn_class_loss: 0.0185 - val_rpn_bbox_loss: 0.4810 - val_mrcnn_class_loss: 0.0323 - val_mrcnn_bbox_loss: 0.0621 - val_mrcnn_mask_loss: 0.0626

Epoch 00082: val_loss did not improve from 0.56797
Epoch 83/100
 - 52s - loss: 0.7803 - rpn_class_loss: 0.0138 - rpn_bbox_loss: 0.4821 - mrcnn_class_loss: 0.0744 - mrcnn_bbox_loss: 0.0929 - mrcnn_mask_loss: 0.1172 - val_loss: 0.6545 - val_rpn_class_loss: 0.0115 - val_rpn_bbox_loss: 0.3855 - val_mrcnn_class_loss: 0.0652 - val_mrcnn_bbox_loss: 0.0940 - val_mrcnn_mask_loss: 0.0982

Epoch 00083: val_loss did not improve from 0.56797
Epoch 84/100
 - 50s - loss: 0.7793 - rpn_class_loss: 0.0147 - rpn_bbox_loss: 0.4649 - mrcnn_class_loss: 0.0770 - mrcnn_bbox_loss: 0.0960 - mrcnn_mask_loss: 0.1267 - val_loss: 0.6842 - val_rpn_class_loss: 0.0093 - val_rpn_bbox_loss: 0.4904 - val_mrcnn_class_loss: 0.0715 - val_mrcnn_bbox_loss: 0.0472 - val_mrcnn_mask_loss: 0.0657

Epoch 00084: val_loss did not improve from 0.56797
Epoch 85/100
 - 60s - loss: 0.8016 - rpn_class_loss: 0.0181 - rpn_bbox_loss: 0.4777 - mrcnn_class_loss: 0.0790 - mrcnn_bbox_loss: 0.1043 - mrcnn_mask_loss: 0.1225 - val_loss: 0.7130 - val_rpn_class_loss: 0.0072 - val_rpn_bbox_loss: 0.4925 - val_mrcnn_class_loss: 0.0994 - val_mrcnn_bbox_loss: 0.0456 - val_mrcnn_mask_loss: 0.0682

Epoch 00085: val_loss did not improve from 0.56797
Epoch 86/100
 - 56s - loss: 0.7944 - rpn_class_loss: 0.0131 - rpn_bbox_loss: 0.4686 - mrcnn_class_loss: 0.0753 - mrcnn_bbox_loss: 0.1077 - mrcnn_mask_loss: 0.1298 - val_loss: 0.6990 - val_rpn_class_loss: 0.0104 - val_rpn_bbox_loss: 0.4595 - val_mrcnn_class_loss: 0.0471 - val_mrcnn_bbox_loss: 0.1022 - val_mrcnn_mask_loss: 0.0798

Epoch 00086: val_loss did not improve from 0.56797
Epoch 87/100
 - 58s - loss: 0.7923 - rpn_class_loss: 0.0125 - rpn_bbox_loss: 0.4766 - mrcnn_class_loss: 0.0702 - mrcnn_bbox_loss: 0.1010 - mrcnn_mask_loss: 0.1320 - val_loss: 0.6884 - val_rpn_class_loss: 0.0051 - val_rpn_bbox_loss: 0.4900 - val_mrcnn_class_loss: 0.0516 - val_mrcnn_bbox_loss: 0.0674 - val_mrcnn_mask_loss: 0.0744

Epoch 00087: val_loss did not improve from 0.56797
Epoch 88/100
 - 53s - loss: 0.7730 - rpn_class_loss: 0.0137 - rpn_bbox_loss: 0.4571 - mrcnn_class_loss: 0.0768 - mrcnn_bbox_loss: 0.0994 - mrcnn_mask_loss: 0.1260 - val_loss: 0.8013 - val_rpn_class_loss: 0.0130 - val_rpn_bbox_loss: 0.5786 - val_mrcnn_class_loss: 0.0520 - val_mrcnn_bbox_loss: 0.0729 - val_mrcnn_mask_loss: 0.0847

Epoch 00088: val_loss did not improve from 0.56797
Epoch 89/100
 - 53s - loss: 0.7646 - rpn_class_loss: 0.0103 - rpn_bbox_loss: 0.4684 - mrcnn_class_loss: 0.0771 - mrcnn_bbox_loss: 0.0880 - mrcnn_mask_loss: 0.1208 - val_loss: 0.5960 - val_rpn_class_loss: 0.0111 - val_rpn_bbox_loss: 0.4172 - val_mrcnn_class_loss: 0.0643 - val_mrcnn_bbox_loss: 0.0453 - val_mrcnn_mask_loss: 0.0581

Epoch 00089: val_loss did not improve from 0.56797
Epoch 90/100
 - 57s - loss: 0.7739 - rpn_class_loss: 0.0127 - rpn_bbox_loss: 0.4811 - mrcnn_class_loss: 0.0745 - mrcnn_bbox_loss: 0.0900 - mrcnn_mask_loss: 0.1157 - val_loss: 0.6457 - val_rpn_class_loss: 0.0056 - val_rpn_bbox_loss: 0.4603 - val_mrcnn_class_loss: 0.0580 - val_mrcnn_bbox_loss: 0.0552 - val_mrcnn_mask_loss: 0.0667

Epoch 00090: val_loss did not improve from 0.56797
Epoch 91/100
 - 55s - loss: 0.7821 - rpn_class_loss: 0.0146 - rpn_bbox_loss: 0.4696 - mrcnn_class_loss: 0.0769 - mrcnn_bbox_loss: 0.0954 - mrcnn_mask_loss: 0.1255 - val_loss: 0.6732 - val_rpn_class_loss: 0.0055 - val_rpn_bbox_loss: 0.4936 - val_mrcnn_class_loss: 0.0691 - val_mrcnn_bbox_loss: 0.0443 - val_mrcnn_mask_loss: 0.0607

Epoch 00091: val_loss did not improve from 0.56797
Epoch 92/100
 - 54s - loss: 0.8139 - rpn_class_loss: 0.0161 - rpn_bbox_loss: 0.4825 - mrcnn_class_loss: 0.0735 - mrcnn_bbox_loss: 0.1085 - mrcnn_mask_loss: 0.1333 - val_loss: 0.6247 - val_rpn_class_loss: 0.0062 - val_rpn_bbox_loss: 0.4527 - val_mrcnn_class_loss: 0.0353 - val_mrcnn_bbox_loss: 0.0549 - val_mrcnn_mask_loss: 0.0757

Epoch 00092: val_loss did not improve from 0.56797
Epoch 93/100
 - 53s - loss: 0.7762 - rpn_class_loss: 0.0131 - rpn_bbox_loss: 0.4646 - mrcnn_class_loss: 0.0738 - mrcnn_bbox_loss: 0.0999 - mrcnn_mask_loss: 0.1248 - val_loss: 0.6830 - val_rpn_class_loss: 0.0175 - val_rpn_bbox_loss: 0.4902 - val_mrcnn_class_loss: 0.0472 - val_mrcnn_bbox_loss: 0.0703 - val_mrcnn_mask_loss: 0.0578

Epoch 00093: val_loss did not improve from 0.56797
Epoch 94/100
 - 53s - loss: 0.7693 - rpn_class_loss: 0.0120 - rpn_bbox_loss: 0.4615 - mrcnn_class_loss: 0.0724 - mrcnn_bbox_loss: 0.0986 - mrcnn_mask_loss: 0.1248 - val_loss: 0.7128 - val_rpn_class_loss: 0.0096 - val_rpn_bbox_loss: 0.4421 - val_mrcnn_class_loss: 0.0832 - val_mrcnn_bbox_loss: 0.0874 - val_mrcnn_mask_loss: 0.0905

Epoch 00094: val_loss did not improve from 0.56797
Epoch 95/100
 - 57s - loss: 0.7279 - rpn_class_loss: 0.0121 - rpn_bbox_loss: 0.4566 - mrcnn_class_loss: 0.0575 - mrcnn_bbox_loss: 0.0848 - mrcnn_mask_loss: 0.1169 - val_loss: 0.7012 - val_rpn_class_loss: 0.0056 - val_rpn_bbox_loss: 0.4197 - val_mrcnn_class_loss: 0.1235 - val_mrcnn_bbox_loss: 0.0754 - val_mrcnn_mask_loss: 0.0770

Epoch 00095: val_loss did not improve from 0.56797
Epoch 96/100
 - 66s - loss: 0.8154 - rpn_class_loss: 0.0120 - rpn_bbox_loss: 0.4656 - mrcnn_class_loss: 0.0763 - mrcnn_bbox_loss: 0.1178 - mrcnn_mask_loss: 0.1436 - val_loss: 0.6949 - val_rpn_class_loss: 0.0106 - val_rpn_bbox_loss: 0.4603 - val_mrcnn_class_loss: 0.0583 - val_mrcnn_bbox_loss: 0.0739 - val_mrcnn_mask_loss: 0.0917

Epoch 00096: val_loss did not improve from 0.56797
Epoch 97/100
 - 54s - loss: 0.7764 - rpn_class_loss: 0.0154 - rpn_bbox_loss: 0.4718 - mrcnn_class_loss: 0.0768 - mrcnn_bbox_loss: 0.0918 - mrcnn_mask_loss: 0.1206 - val_loss: 0.6105 - val_rpn_class_loss: 0.0086 - val_rpn_bbox_loss: 0.4008 - val_mrcnn_class_loss: 0.0723 - val_mrcnn_bbox_loss: 0.0571 - val_mrcnn_mask_loss: 0.0716

Epoch 00097: val_loss did not improve from 0.56797
Epoch 98/100
 - 59s - loss: 0.8134 - rpn_class_loss: 0.0132 - rpn_bbox_loss: 0.4596 - mrcnn_class_loss: 0.0802 - mrcnn_bbox_loss: 0.1158 - mrcnn_mask_loss: 0.1446 - val_loss: 0.6231 - val_rpn_class_loss: 0.0097 - val_rpn_bbox_loss: 0.4889 - val_mrcnn_class_loss: 0.0163 - val_mrcnn_bbox_loss: 0.0502 - val_mrcnn_mask_loss: 0.0580

Epoch 00098: val_loss did not improve from 0.56797
Epoch 99/100
 - 56s - loss: 0.8233 - rpn_class_loss: 0.0166 - rpn_bbox_loss: 0.4915 - mrcnn_class_loss: 0.0857 - mrcnn_bbox_loss: 0.1001 - mrcnn_mask_loss: 0.1295 - val_loss: 0.6425 - val_rpn_class_loss: 0.0038 - val_rpn_bbox_loss: 0.4756 - val_mrcnn_class_loss: 0.0384 - val_mrcnn_bbox_loss: 0.0592 - val_mrcnn_mask_loss: 0.0656

Epoch 00099: val_loss did not improve from 0.56797
Epoch 100/100
 - 60s - loss: 0.7866 - rpn_class_loss: 0.0116 - rpn_bbox_loss: 0.4438 - mrcnn_class_loss: 0.0813 - mrcnn_bbox_loss: 0.1094 - mrcnn_mask_loss: 0.1404 - val_loss: 0.5505 - val_rpn_class_loss: 0.0058 - val_rpn_bbox_loss: 0.3745 - val_mrcnn_class_loss: 0.0565 - val_mrcnn_bbox_loss: 0.0525 - val_mrcnn_mask_loss: 0.0611
Using TensorFlow backend.
/data/kimjb/conda/envs/mask_rcnn/lib/python3.4/site-packages/tensorflow/python/ops/gradients_impl.py:100: UserWarning: Converting sparse IndexedSlices to a dense Tensor of unknown shape. This may consume a large amount of memory.
  "Converting sparse IndexedSlices to a dense Tensor of unknown shape. "
/data/kimjb/conda/envs/mask_rcnn/lib/python3.4/site-packages/skimage/transform/_warps.py:110: UserWarning: Anti-aliasing will be enabled by default in skimage 0.15 to avoid aliasing artifacts when down-sampling images.
  warn("Anti-aliasing will be enabled by default in skimage 0.15 to "
/data/kimjb/conda/envs/mask_rcnn/lib/python3.4/site-packages/skimage/transform/_warps.py:110: UserWarning: Anti-aliasing will be enabled by default in skimage 0.15 to avoid aliasing artifacts when down-sampling images.
  warn("Anti-aliasing will be enabled by default in skimage 0.15 to "
/data/kimjb/conda/envs/mask_rcnn/lib/python3.4/site-packages/skimage/transform/_warps.py:110: UserWarning: Anti-aliasing will be enabled by default in skimage 0.15 to avoid aliasing artifacts when down-sampling images.
  warn("Anti-aliasing will be enabled by default in skimage 0.15 to "
/data/kimjb/conda/envs/mask_rcnn/lib/python3.4/site-packages/skimage/transform/_warps.py:110: UserWarning: Anti-aliasing will be enabled by default in skimage 0.15 to avoid aliasing artifacts when down-sampling images.
  warn("Anti-aliasing will be enabled by default in skimage 0.15 to "
/data/kimjb/conda/envs/mask_rcnn/lib/python3.4/site-packages/skimage/transform/_warps.py:110: UserWarning: Anti-aliasing will be enabled by default in skimage 0.15 to avoid aliasing artifacts when down-sampling images.
  warn("Anti-aliasing will be enabled by default in skimage 0.15 to "
/data/kimjb/conda/envs/mask_rcnn/lib/python3.4/site-packages/skimage/transform/_warps.py:110: UserWarning: Anti-aliasing will be enabled by default in skimage 0.15 to avoid aliasing artifacts when down-sampling images.
  warn("Anti-aliasing will be enabled by default in skimage 0.15 to "
/data/kimjb/conda/envs/mask_rcnn/lib/python3.4/site-packages/skimage/transform/_warps.py:110: UserWarning: Anti-aliasing will be enabled by default in skimage 0.15 to avoid aliasing artifacts when down-sampling images.
  warn("Anti-aliasing will be enabled by default in skimage 0.15 to "
/data/kimjb/conda/envs/mask_rcnn/lib/python3.4/site-packages/skimage/transform/_warps.py:110: UserWarning: Anti-aliasing will be enabled by default in skimage 0.15 to avoid aliasing artifacts when down-sampling images.
  warn("Anti-aliasing will be enabled by default in skimage 0.15 to "
/data/kimjb/conda/envs/mask_rcnn/lib/python3.4/site-packages/skimage/transform/_warps.py:110: UserWarning: Anti-aliasing will be enabled by default in skimage 0.15 to avoid aliasing artifacts when down-sampling images.
  warn("Anti-aliasing will be enabled by default in skimage 0.15 to "
/data/kimjb/conda/envs/mask_rcnn/lib/python3.4/site-packages/skimage/transform/_warps.py:110: UserWarning: Anti-aliasing will be enabled by default in skimage 0.15 to avoid aliasing artifacts when down-sampling images.
  warn("Anti-aliasing will be enabled by default in skimage 0.15 to "
/data/kimjb/conda/envs/mask_rcnn/lib/python3.4/site-packages/skimage/transform/_warps.py:110: UserWarning: Anti-aliasing will be enabled by default in skimage 0.15 to avoid aliasing artifacts when down-sampling images.
  warn("Anti-aliasing will be enabled by default in skimage 0.15 to "
/data/kimjb/conda/envs/mask_rcnn/lib/python3.4/site-packages/skimage/transform/_warps.py:110: UserWarning: Anti-aliasing will be enabled by default in skimage 0.15 to avoid aliasing artifacts when down-sampling images.
  warn("Anti-aliasing will be enabled by default in skimage 0.15 to "
/data/kimjb/conda/envs/mask_rcnn/lib/python3.4/site-packages/skimage/transform/_warps.py:110: UserWarning: Anti-aliasing will be enabled by default in skimage 0.15 to avoid aliasing artifacts when down-sampling images.
  warn("Anti-aliasing will be enabled by default in skimage 0.15 to "
/data/kimjb/conda/envs/mask_rcnn/lib/python3.4/site-packages/skimage/transform/_warps.py:110: UserWarning: Anti-aliasing will be enabled by default in skimage 0.15 to avoid aliasing artifacts when down-sampling images.
  warn("Anti-aliasing will be enabled by default in skimage 0.15 to "
/data/kimjb/conda/envs/mask_rcnn/lib/python3.4/site-packages/skimage/transform/_warps.py:110: UserWarning: Anti-aliasing will be enabled by default in skimage 0.15 to avoid aliasing artifacts when down-sampling images.
  warn("Anti-aliasing will be enabled by default in skimage 0.15 to "
/data/kimjb/conda/envs/mask_rcnn/lib/python3.4/site-packages/skimage/transform/_warps.py:110: UserWarning: Anti-aliasing will be enabled by default in skimage 0.15 to avoid aliasing artifacts when down-sampling images.
  warn("Anti-aliasing will be enabled by default in skimage 0.15 to "
/data/kimjb/conda/envs/mask_rcnn/lib/python3.4/site-packages/skimage/transform/_warps.py:110: UserWarning: Anti-aliasing will be enabled by default in skimage 0.15 to avoid aliasing artifacts when down-sampling images.
  warn("Anti-aliasing will be enabled by default in skimage 0.15 to "
/data/kimjb/conda/envs/mask_rcnn/lib/python3.4/site-packages/skimage/transform/_warps.py:110: UserWarning: Anti-aliasing will be enabled by default in skimage 0.15 to avoid aliasing artifacts when down-sampling images.
  warn("Anti-aliasing will be enabled by default in skimage 0.15 to "
/data/kimjb/conda/envs/mask_rcnn/lib/python3.4/site-packages/skimage/transform/_warps.py:110: UserWarning: Anti-aliasing will be enabled by default in skimage 0.15 to avoid aliasing artifacts when down-sampling images.
  warn("Anti-aliasing will be enabled by default in skimage 0.15 to "
/data/kimjb/conda/envs/mask_rcnn/lib/python3.4/site-packages/skimage/transform/_warps.py:110: UserWarning: Anti-aliasing will be enabled by default in skimage 0.15 to avoid aliasing artifacts when down-sampling images.
  warn("Anti-aliasing will be enabled by default in skimage 0.15 to "
/data/kimjb/conda/envs/mask_rcnn/lib/python3.4/site-packages/skimage/transform/_warps.py:110: UserWarning: Anti-aliasing will be enabled by default in skimage 0.15 to avoid aliasing artifacts when down-sampling images.
  warn("Anti-aliasing will be enabled by default in skimage 0.15 to "
/data/kimjb/conda/envs/mask_rcnn/lib/python3.4/site-packages/skimage/transform/_warps.py:110: UserWarning: Anti-aliasing will be enabled by default in skimage 0.15 to avoid aliasing artifacts when down-sampling images.
  warn("Anti-aliasing will be enabled by default in skimage 0.15 to "
/data/kimjb/conda/envs/mask_rcnn/lib/python3.4/site-packages/skimage/transform/_warps.py:110: UserWarning: Anti-aliasing will be enabled by default in skimage 0.15 to avoid aliasing artifacts when down-sampling images.
  warn("Anti-aliasing will be enabled by default in skimage 0.15 to "
/data/kimjb/conda/envs/mask_rcnn/lib/python3.4/site-packages/skimage/transform/_warps.py:110: UserWarning: Anti-aliasing will be enabled by default in skimage 0.15 to avoid aliasing artifacts when down-sampling images.
  warn("Anti-aliasing will be enabled by default in skimage 0.15 to "
/data/kimjb/conda/envs/mask_rcnn/lib/python3.4/site-packages/skimage/transform/_warps.py:110: UserWarning: Anti-aliasing will be enabled by default in skimage 0.15 to avoid aliasing artifacts when down-sampling images.
  warn("Anti-aliasing will be enabled by default in skimage 0.15 to "
/data/kimjb/conda/envs/mask_rcnn/lib/python3.4/site-packages/skimage/transform/_warps.py:110: UserWarning: Anti-aliasing will be enabled by default in skimage 0.15 to avoid aliasing artifacts when down-sampling images.
  warn("Anti-aliasing will be enabled by default in skimage 0.15 to "
/data/kimjb/conda/envs/mask_rcnn/lib/python3.4/site-packages/skimage/transform/_warps.py:110: UserWarning: Anti-aliasing will be enabled by default in skimage 0.15 to avoid aliasing artifacts when down-sampling images.
  warn("Anti-aliasing will be enabled by default in skimage 0.15 to "
/data/kimjb/conda/envs/mask_rcnn/lib/python3.4/site-packages/skimage/transform/_warps.py:110: UserWarning: Anti-aliasing will be enabled by default in skimage 0.15 to avoid aliasing artifacts when down-sampling images.
  warn("Anti-aliasing will be enabled by default in skimage 0.15 to "
/data/kimjb/conda/envs/mask_rcnn/lib/python3.4/site-packages/skimage/transform/_warps.py:110: UserWarning: Anti-aliasing will be enabled by default in skimage 0.15 to avoid aliasing artifacts when down-sampling images.
  warn("Anti-aliasing will be enabled by default in skimage 0.15 to "
/data/kimjb/conda/envs/mask_rcnn/lib/python3.4/site-packages/skimage/transform/_warps.py:110: UserWarning: Anti-aliasing will be enabled by default in skimage 0.15 to avoid aliasing artifacts when down-sampling images.
  warn("Anti-aliasing will be enabled by default in skimage 0.15 to "
/data/kimjb/conda/envs/mask_rcnn/lib/python3.4/site-packages/skimage/transform/_warps.py:110: UserWarning: Anti-aliasing will be enabled by default in skimage 0.15 to avoid aliasing artifacts when down-sampling images.
  warn("Anti-aliasing will be enabled by default in skimage 0.15 to "
/data/kimjb/conda/envs/mask_rcnn/lib/python3.4/site-packages/skimage/transform/_warps.py:110: UserWarning: Anti-aliasing will be enabled by default in skimage 0.15 to avoid aliasing artifacts when down-sampling images.
  warn("Anti-aliasing will be enabled by default in skimage 0.15 to "
/data/kimjb/conda/envs/mask_rcnn/lib/python3.4/site-packages/skimage/transform/_warps.py:110: UserWarning: Anti-aliasing will be enabled by default in skimage 0.15 to avoid aliasing artifacts when down-sampling images.
  warn("Anti-aliasing will be enabled by default in skimage 0.15 to "
/data/kimjb/conda/envs/mask_rcnn/lib/python3.4/site-packages/skimage/transform/_warps.py:110: UserWarning: Anti-aliasing will be enabled by default in skimage 0.15 to avoid aliasing artifacts when down-sampling images.
  warn("Anti-aliasing will be enabled by default in skimage 0.15 to "
/data/kimjb/conda/envs/mask_rcnn/lib/python3.4/site-packages/skimage/transform/_warps.py:110: UserWarning: Anti-aliasing will be enabled by default in skimage 0.15 to avoid aliasing artifacts when down-sampling images.
  warn("Anti-aliasing will be enabled by default in skimage 0.15 to "
/data/kimjb/conda/envs/mask_rcnn/lib/python3.4/site-packages/skimage/transform/_warps.py:110: UserWarning: Anti-aliasing will be enabled by default in skimage 0.15 to avoid aliasing artifacts when down-sampling images.
  warn("Anti-aliasing will be enabled by default in skimage 0.15 to "
/data/kimjb/conda/envs/mask_rcnn/lib/python3.4/site-packages/skimage/transform/_warps.py:110: UserWarning: Anti-aliasing will be enabled by default in skimage 0.15 to avoid aliasing artifacts when down-sampling images.
  warn("Anti-aliasing will be enabled by default in skimage 0.15 to "
/data/kimjb/conda/envs/mask_rcnn/lib/python3.4/site-packages/skimage/transform/_warps.py:110: UserWarning: Anti-aliasing will be enabled by default in skimage 0.15 to avoid aliasing artifacts when down-sampling images.
  warn("Anti-aliasing will be enabled by default in skimage 0.15 to "
/data/kimjb/conda/envs/mask_rcnn/lib/python3.4/site-packages/skimage/transform/_warps.py:110: UserWarning: Anti-aliasing will be enabled by default in skimage 0.15 to avoid aliasing artifacts when down-sampling images.
  warn("Anti-aliasing will be enabled by default in skimage 0.15 to "
/data/kimjb/conda/envs/mask_rcnn/lib/python3.4/site-packages/skimage/transform/_warps.py:110: UserWarning: Anti-aliasing will be enabled by default in skimage 0.15 to avoid aliasing artifacts when down-sampling images.
  warn("Anti-aliasing will be enabled by default in skimage 0.15 to "
/data/kimjb/conda/envs/mask_rcnn/lib/python3.4/site-packages/skimage/transform/_warps.py:110: UserWarning: Anti-aliasing will be enabled by default in skimage 0.15 to avoid aliasing artifacts when down-sampling images.
  warn("Anti-aliasing will be enabled by default in skimage 0.15 to "
/data/kimjb/conda/envs/mask_rcnn/lib/python3.4/site-packages/skimage/transform/_warps.py:110: UserWarning: Anti-aliasing will be enabled by default in skimage 0.15 to avoid aliasing artifacts when down-sampling images.
  warn("Anti-aliasing will be enabled by default in skimage 0.15 to "
/data/kimjb/conda/envs/mask_rcnn/lib/python3.4/site-packages/skimage/transform/_warps.py:110: UserWarning: Anti-aliasing will be enabled by default in skimage 0.15 to avoid aliasing artifacts when down-sampling images.
  warn("Anti-aliasing will be enabled by default in skimage 0.15 to "
/data/kimjb/conda/envs/mask_rcnn/lib/python3.4/site-packages/skimage/transform/_warps.py:110: UserWarning: Anti-aliasing will be enabled by default in skimage 0.15 to avoid aliasing artifacts when down-sampling images.
  warn("Anti-aliasing will be enabled by default in skimage 0.15 to "
/data/kimjb/conda/envs/mask_rcnn/lib/python3.4/site-packages/skimage/transform/_warps.py:110: UserWarning: Anti-aliasing will be enabled by default in skimage 0.15 to avoid aliasing artifacts when down-sampling images.
  warn("Anti-aliasing will be enabled by default in skimage 0.15 to "
/data/kimjb/conda/envs/mask_rcnn/lib/python3.4/site-packages/skimage/transform/_warps.py:110: UserWarning: Anti-aliasing will be enabled by default in skimage 0.15 to avoid aliasing artifacts when down-sampling images.
  warn("Anti-aliasing will be enabled by default in skimage 0.15 to "
/data/kimjb/conda/envs/mask_rcnn/lib/python3.4/site-packages/skimage/transform/_warps.py:110: UserWarning: Anti-aliasing will be enabled by default in skimage 0.15 to avoid aliasing artifacts when down-sampling images.
  warn("Anti-aliasing will be enabled by default in skimage 0.15 to "
/data/kimjb/conda/envs/mask_rcnn/lib/python3.4/site-packages/skimage/transform/_warps.py:110: UserWarning: Anti-aliasing will be enabled by default in skimage 0.15 to avoid aliasing artifacts when down-sampling images.
  warn("Anti-aliasing will be enabled by default in skimage 0.15 to "
/data/kimjb/conda/envs/mask_rcnn/lib/python3.4/site-packages/skimage/transform/_warps.py:110: UserWarning: Anti-aliasing will be enabled by default in skimage 0.15 to avoid aliasing artifacts when down-sampling images.
  warn("Anti-aliasing will be enabled by default in skimage 0.15 to "
/data/kimjb/conda/envs/mask_rcnn/lib/python3.4/site-packages/skimage/transform/_warps.py:110: UserWarning: Anti-aliasing will be enabled by default in skimage 0.15 to avoid aliasing artifacts when down-sampling images.
  warn("Anti-aliasing will be enabled by default in skimage 0.15 to "
/data/kimjb/conda/envs/mask_rcnn/lib/python3.4/site-packages/skimage/transform/_warps.py:110: UserWarning: Anti-aliasing will be enabled by default in skimage 0.15 to avoid aliasing artifacts when down-sampling images.
  warn("Anti-aliasing will be enabled by default in skimage 0.15 to "
/data/kimjb/conda/envs/mask_rcnn/lib/python3.4/site-packages/skimage/transform/_warps.py:110: UserWarning: Anti-aliasing will be enabled by default in skimage 0.15 to avoid aliasing artifacts when down-sampling images.
  warn("Anti-aliasing will be enabled by default in skimage 0.15 to "
/data/kimjb/conda/envs/mask_rcnn/lib/python3.4/site-packages/skimage/transform/_warps.py:110: UserWarning: Anti-aliasing will be enabled by default in skimage 0.15 to avoid aliasing artifacts when down-sampling images.
  warn("Anti-aliasing will be enabled by default in skimage 0.15 to "
/data/kimjb/conda/envs/mask_rcnn/lib/python3.4/site-packages/skimage/transform/_warps.py:110: UserWarning: Anti-aliasing will be enabled by default in skimage 0.15 to avoid aliasing artifacts when down-sampling images.
  warn("Anti-aliasing will be enabled by default in skimage 0.15 to "
/data/kimjb/conda/envs/mask_rcnn/lib/python3.4/site-packages/skimage/transform/_warps.py:110: UserWarning: Anti-aliasing will be enabled by default in skimage 0.15 to avoid aliasing artifacts when down-sampling images.
  warn("Anti-aliasing will be enabled by default in skimage 0.15 to "
/data/kimjb/conda/envs/mask_rcnn/lib/python3.4/site-packages/skimage/transform/_warps.py:110: UserWarning: Anti-aliasing will be enabled by default in skimage 0.15 to avoid aliasing artifacts when down-sampling images.
  warn("Anti-aliasing will be enabled by default in skimage 0.15 to "
/data/kimjb/conda/envs/mask_rcnn/lib/python3.4/site-packages/skimage/transform/_warps.py:110: UserWarning: Anti-aliasing will be enabled by default in skimage 0.15 to avoid aliasing artifacts when down-sampling images.
  warn("Anti-aliasing will be enabled by default in skimage 0.15 to "
/data/kimjb/conda/envs/mask_rcnn/lib/python3.4/site-packages/skimage/transform/_warps.py:110: UserWarning: Anti-aliasing will be enabled by default in skimage 0.15 to avoid aliasing artifacts when down-sampling images.
  warn("Anti-aliasing will be enabled by default in skimage 0.15 to "
/data/kimjb/conda/envs/mask_rcnn/lib/python3.4/site-packages/skimage/transform/_warps.py:110: UserWarning: Anti-aliasing will be enabled by default in skimage 0.15 to avoid aliasing artifacts when down-sampling images.
  warn("Anti-aliasing will be enabled by default in skimage 0.15 to "
/data/kimjb/conda/envs/mask_rcnn/lib/python3.4/site-packages/skimage/transform/_warps.py:110: UserWarning: Anti-aliasing will be enabled by default in skimage 0.15 to avoid aliasing artifacts when down-sampling images.
  warn("Anti-aliasing will be enabled by default in skimage 0.15 to "
/data/kimjb/conda/envs/mask_rcnn/lib/python3.4/site-packages/skimage/transform/_warps.py:110: UserWarning: Anti-aliasing will be enabled by default in skimage 0.15 to avoid aliasing artifacts when down-sampling images.
  warn("Anti-aliasing will be enabled by default in skimage 0.15 to "
/data/kimjb/conda/envs/mask_rcnn/lib/python3.4/site-packages/skimage/transform/_warps.py:110: UserWarning: Anti-aliasing will be enabled by default in skimage 0.15 to avoid aliasing artifacts when down-sampling images.
  warn("Anti-aliasing will be enabled by default in skimage 0.15 to "
/data/kimjb/conda/envs/mask_rcnn/lib/python3.4/site-packages/skimage/transform/_warps.py:110: UserWarning: Anti-aliasing will be enabled by default in skimage 0.15 to avoid aliasing artifacts when down-sampling images.
  warn("Anti-aliasing will be enabled by default in skimage 0.15 to "
/data/kimjb/conda/envs/mask_rcnn/lib/python3.4/site-packages/skimage/transform/_warps.py:110: UserWarning: Anti-aliasing will be enabled by default in skimage 0.15 to avoid aliasing artifacts when down-sampling images.
  warn("Anti-aliasing will be enabled by default in skimage 0.15 to "
/data/kimjb/conda/envs/mask_rcnn/lib/python3.4/site-packages/skimage/transform/_warps.py:110: UserWarning: Anti-aliasing will be enabled by default in skimage 0.15 to avoid aliasing artifacts when down-sampling images.
  warn("Anti-aliasing will be enabled by default in skimage 0.15 to "
/data/kimjb/conda/envs/mask_rcnn/lib/python3.4/site-packages/skimage/transform/_warps.py:110: UserWarning: Anti-aliasing will be enabled by default in skimage 0.15 to avoid aliasing artifacts when down-sampling images.
  warn("Anti-aliasing will be enabled by default in skimage 0.15 to "
/data/kimjb/conda/envs/mask_rcnn/lib/python3.4/site-packages/skimage/transform/_warps.py:110: UserWarning: Anti-aliasing will be enabled by default in skimage 0.15 to avoid aliasing artifacts when down-sampling images.
  warn("Anti-aliasing will be enabled by default in skimage 0.15 to "
/data/kimjb/conda/envs/mask_rcnn/lib/python3.4/site-packages/skimage/transform/_warps.py:110: UserWarning: Anti-aliasing will be enabled by default in skimage 0.15 to avoid aliasing artifacts when down-sampling images.
  warn("Anti-aliasing will be enabled by default in skimage 0.15 to "
/data/kimjb/conda/envs/mask_rcnn/lib/python3.4/site-packages/skimage/transform/_warps.py:110: UserWarning: Anti-aliasing will be enabled by default in skimage 0.15 to avoid aliasing artifacts when down-sampling images.
  warn("Anti-aliasing will be enabled by default in skimage 0.15 to "
/data/kimjb/conda/envs/mask_rcnn/lib/python3.4/site-packages/skimage/transform/_warps.py:110: UserWarning: Anti-aliasing will be enabled by default in skimage 0.15 to avoid aliasing artifacts when down-sampling images.
  warn("Anti-aliasing will be enabled by default in skimage 0.15 to "
/data/kimjb/conda/envs/mask_rcnn/lib/python3.4/site-packages/skimage/transform/_warps.py:110: UserWarning: Anti-aliasing will be enabled by default in skimage 0.15 to avoid aliasing artifacts when down-sampling images.
  warn("Anti-aliasing will be enabled by default in skimage 0.15 to "
/data/kimjb/conda/envs/mask_rcnn/lib/python3.4/site-packages/skimage/transform/_warps.py:110: UserWarning: Anti-aliasing will be enabled by default in skimage 0.15 to avoid aliasing artifacts when down-sampling images.
  warn("Anti-aliasing will be enabled by default in skimage 0.15 to "
/data/kimjb/conda/envs/mask_rcnn/lib/python3.4/site-packages/skimage/transform/_warps.py:110: UserWarning: Anti-aliasing will be enabled by default in skimage 0.15 to avoid aliasing artifacts when down-sampling images.
  warn("Anti-aliasing will be enabled by default in skimage 0.15 to "
/data/kimjb/conda/envs/mask_rcnn/lib/python3.4/site-packages/skimage/transform/_warps.py:110: UserWarning: Anti-aliasing will be enabled by default in skimage 0.15 to avoid aliasing artifacts when down-sampling images.
  warn("Anti-aliasing will be enabled by default in skimage 0.15 to "
/data/kimjb/conda/envs/mask_rcnn/lib/python3.4/site-packages/skimage/transform/_warps.py:110: UserWarning: Anti-aliasing will be enabled by default in skimage 0.15 to avoid aliasing artifacts when down-sampling images.
  warn("Anti-aliasing will be enabled by default in skimage 0.15 to "
/data/kimjb/conda/envs/mask_rcnn/lib/python3.4/site-packages/skimage/transform/_warps.py:110: UserWarning: Anti-aliasing will be enabled by default in skimage 0.15 to avoid aliasing artifacts when down-sampling images.
  warn("Anti-aliasing will be enabled by default in skimage 0.15 to "
/data/kimjb/conda/envs/mask_rcnn/lib/python3.4/site-packages/skimage/transform/_warps.py:110: UserWarning: Anti-aliasing will be enabled by default in skimage 0.15 to avoid aliasing artifacts when down-sampling images.
  warn("Anti-aliasing will be enabled by default in skimage 0.15 to "
/data/kimjb/conda/envs/mask_rcnn/lib/python3.4/site-packages/skimage/transform/_warps.py:110: UserWarning: Anti-aliasing will be enabled by default in skimage 0.15 to avoid aliasing artifacts when down-sampling images.
  warn("Anti-aliasing will be enabled by default in skimage 0.15 to "
/data/kimjb/conda/envs/mask_rcnn/lib/python3.4/site-packages/skimage/transform/_warps.py:110: UserWarning: Anti-aliasing will be enabled by default in skimage 0.15 to avoid aliasing artifacts when down-sampling images.
  warn("Anti-aliasing will be enabled by default in skimage 0.15 to "
/data/kimjb/conda/envs/mask_rcnn/lib/python3.4/site-packages/skimage/transform/_warps.py:110: UserWarning: Anti-aliasing will be enabled by default in skimage 0.15 to avoid aliasing artifacts when down-sampling images.
  warn("Anti-aliasing will be enabled by default in skimage 0.15 to "
/data/kimjb/conda/envs/mask_rcnn/lib/python3.4/site-packages/skimage/transform/_warps.py:110: UserWarning: Anti-aliasing will be enabled by default in skimage 0.15 to avoid aliasing artifacts when down-sampling images.
  warn("Anti-aliasing will be enabled by default in skimage 0.15 to "
/data/kimjb/conda/envs/mask_rcnn/lib/python3.4/site-packages/skimage/transform/_warps.py:110: UserWarning: Anti-aliasing will be enabled by default in skimage 0.15 to avoid aliasing artifacts when down-sampling images.
  warn("Anti-aliasing will be enabled by default in skimage 0.15 to "
/data/kimjb/conda/envs/mask_rcnn/lib/python3.4/site-packages/skimage/transform/_warps.py:110: UserWarning: Anti-aliasing will be enabled by default in skimage 0.15 to avoid aliasing artifacts when down-sampling images.
  warn("Anti-aliasing will be enabled by default in skimage 0.15 to "
/data/kimjb/conda/envs/mask_rcnn/lib/python3.4/site-packages/skimage/transform/_warps.py:110: UserWarning: Anti-aliasing will be enabled by default in skimage 0.15 to avoid aliasing artifacts when down-sampling images.
  warn("Anti-aliasing will be enabled by default in skimage 0.15 to "
/data/kimjb/conda/envs/mask_rcnn/lib/python3.4/site-packages/skimage/transform/_warps.py:110: UserWarning: Anti-aliasing will be enabled by default in skimage 0.15 to avoid aliasing artifacts when down-sampling images.
  warn("Anti-aliasing will be enabled by default in skimage 0.15 to "
/data/kimjb/conda/envs/mask_rcnn/lib/python3.4/site-packages/skimage/transform/_warps.py:110: UserWarning: Anti-aliasing will be enabled by default in skimage 0.15 to avoid aliasing artifacts when down-sampling images.
  warn("Anti-aliasing will be enabled by default in skimage 0.15 to "
/data/kimjb/conda/envs/mask_rcnn/lib/python3.4/site-packages/skimage/transform/_warps.py:110: UserWarning: Anti-aliasing will be enabled by default in skimage 0.15 to avoid aliasing artifacts when down-sampling images.
  warn("Anti-aliasing will be enabled by default in skimage 0.15 to "
/data/kimjb/conda/envs/mask_rcnn/lib/python3.4/site-packages/skimage/transform/_warps.py:110: UserWarning: Anti-aliasing will be enabled by default in skimage 0.15 to avoid aliasing artifacts when down-sampling images.
  warn("Anti-aliasing will be enabled by default in skimage 0.15 to "
/data/kimjb/conda/envs/mask_rcnn/lib/python3.4/site-packages/skimage/transform/_warps.py:110: UserWarning: Anti-aliasing will be enabled by default in skimage 0.15 to avoid aliasing artifacts when down-sampling images.
  warn("Anti-aliasing will be enabled by default in skimage 0.15 to "
/data/kimjb/conda/envs/mask_rcnn/lib/python3.4/site-packages/skimage/transform/_warps.py:110: UserWarning: Anti-aliasing will be enabled by default in skimage 0.15 to avoid aliasing artifacts when down-sampling images.
  warn("Anti-aliasing will be enabled by default in skimage 0.15 to "
/data/kimjb/conda/envs/mask_rcnn/lib/python3.4/site-packages/skimage/transform/_warps.py:110: UserWarning: Anti-aliasing will be enabled by default in skimage 0.15 to avoid aliasing artifacts when down-sampling images.
  warn("Anti-aliasing will be enabled by default in skimage 0.15 to "
/data/kimjb/conda/envs/mask_rcnn/lib/python3.4/site-packages/skimage/transform/_warps.py:110: UserWarning: Anti-aliasing will be enabled by default in skimage 0.15 to avoid aliasing artifacts when down-sampling images.
  warn("Anti-aliasing will be enabled by default in skimage 0.15 to "
/data/kimjb/conda/envs/mask_rcnn/lib/python3.4/site-packages/skimage/transform/_warps.py:110: UserWarning: Anti-aliasing will be enabled by default in skimage 0.15 to avoid aliasing artifacts when down-sampling images.
  warn("Anti-aliasing will be enabled by default in skimage 0.15 to "
/data/kimjb/conda/envs/mask_rcnn/lib/python3.4/site-packages/skimage/transform/_warps.py:110: UserWarning: Anti-aliasing will be enabled by default in skimage 0.15 to avoid aliasing artifacts when down-sampling images.
  warn("Anti-aliasing will be enabled by default in skimage 0.15 to "
/data/kimjb/conda/envs/mask_rcnn/lib/python3.4/site-packages/skimage/transform/_warps.py:110: UserWarning: Anti-aliasing will be enabled by default in skimage 0.15 to avoid aliasing artifacts when down-sampling images.
  warn("Anti-aliasing will be enabled by default in skimage 0.15 to "
/data/kimjb/conda/envs/mask_rcnn/lib/python3.4/site-packages/skimage/transform/_warps.py:110: UserWarning: Anti-aliasing will be enabled by default in skimage 0.15 to avoid aliasing artifacts when down-sampling images.
  warn("Anti-aliasing will be enabled by default in skimage 0.15 to "
/data/kimjb/conda/envs/mask_rcnn/lib/python3.4/site-packages/skimage/transform/_warps.py:110: UserWarning: Anti-aliasing will be enabled by default in skimage 0.15 to avoid aliasing artifacts when down-sampling images.
  warn("Anti-aliasing will be enabled by default in skimage 0.15 to "
/data/kimjb/conda/envs/mask_rcnn/lib/python3.4/site-packages/skimage/transform/_warps.py:110: UserWarning: Anti-aliasing will be enabled by default in skimage 0.15 to avoid aliasing artifacts when down-sampling images.
  warn("Anti-aliasing will be enabled by default in skimage 0.15 to "
/data/kimjb/conda/envs/mask_rcnn/lib/python3.4/site-packages/skimage/transform/_warps.py:110: UserWarning: Anti-aliasing will be enabled by default in skimage 0.15 to avoid aliasing artifacts when down-sampling images.
  warn("Anti-aliasing will be enabled by default in skimage 0.15 to "
/data/kimjb/conda/envs/mask_rcnn/lib/python3.4/site-packages/skimage/transform/_warps.py:110: UserWarning: Anti-aliasing will be enabled by default in skimage 0.15 to avoid aliasing artifacts when down-sampling images.
  warn("Anti-aliasing will be enabled by default in skimage 0.15 to "
/data/kimjb/conda/envs/mask_rcnn/lib/python3.4/site-packages/skimage/transform/_warps.py:110: UserWarning: Anti-aliasing will be enabled by default in skimage 0.15 to avoid aliasing artifacts when down-sampling images.
  warn("Anti-aliasing will be enabled by default in skimage 0.15 to "
/data/kimjb/conda/envs/mask_rcnn/lib/python3.4/site-packages/skimage/transform/_warps.py:110: UserWarning: Anti-aliasing will be enabled by default in skimage 0.15 to avoid aliasing artifacts when down-sampling images.
  warn("Anti-aliasing will be enabled by default in skimage 0.15 to "
/data/kimjb/conda/envs/mask_rcnn/lib/python3.4/site-packages/skimage/transform/_warps.py:110: UserWarning: Anti-aliasing will be enabled by default in skimage 0.15 to avoid aliasing artifacts when down-sampling images.
  warn("Anti-aliasing will be enabled by default in skimage 0.15 to "

Epoch 00100: val_loss improved from 0.56797 to 0.55047, saving model to /data/kimjb/Mask_RCNN/logs/cells20180628T1527/mask_rcnn_cells_0100.h5

 DONE TRAINING HEADS

Starting at epoch 100. LR=1e-05

Checkpoint Path: /data/kimjb/Mask_RCNN/logs/cells20180628T1527/mask_rcnn_cells_{epoch:04d}.h5
Selecting layers to train
conv1                  (Conv2D)
bn_conv1               (BatchNorm)
res2a_branch2a         (Conv2D)
bn2a_branch2a          (BatchNorm)
res2a_branch2b         (Conv2D)
bn2a_branch2b          (BatchNorm)
res2a_branch2c         (Conv2D)
res2a_branch1          (Conv2D)
bn2a_branch2c          (BatchNorm)
bn2a_branch1           (BatchNorm)
res2b_branch2a         (Conv2D)
bn2b_branch2a          (BatchNorm)
res2b_branch2b         (Conv2D)
bn2b_branch2b          (BatchNorm)
res2b_branch2c         (Conv2D)
bn2b_branch2c          (BatchNorm)
res2c_branch2a         (Conv2D)
bn2c_branch2a          (BatchNorm)
res2c_branch2b         (Conv2D)
bn2c_branch2b          (BatchNorm)
res2c_branch2c         (Conv2D)
bn2c_branch2c          (BatchNorm)
res3a_branch2a         (Conv2D)
bn3a_branch2a          (BatchNorm)
res3a_branch2b         (Conv2D)
bn3a_branch2b          (BatchNorm)
res3a_branch2c         (Conv2D)
res3a_branch1          (Conv2D)
bn3a_branch2c          (BatchNorm)
bn3a_branch1           (BatchNorm)
res3b_branch2a         (Conv2D)
bn3b_branch2a          (BatchNorm)
res3b_branch2b         (Conv2D)
bn3b_branch2b          (BatchNorm)
res3b_branch2c         (Conv2D)
bn3b_branch2c          (BatchNorm)
res3c_branch2a         (Conv2D)
bn3c_branch2a          (BatchNorm)
res3c_branch2b         (Conv2D)
bn3c_branch2b          (BatchNorm)
res3c_branch2c         (Conv2D)
bn3c_branch2c          (BatchNorm)
res3d_branch2a         (Conv2D)
bn3d_branch2a          (BatchNorm)
res3d_branch2b         (Conv2D)
bn3d_branch2b          (BatchNorm)
res3d_branch2c         (Conv2D)
bn3d_branch2c          (BatchNorm)
res4a_branch2a         (Conv2D)
bn4a_branch2a          (BatchNorm)
res4a_branch2b         (Conv2D)
bn4a_branch2b          (BatchNorm)
res4a_branch2c         (Conv2D)
res4a_branch1          (Conv2D)
bn4a_branch2c          (BatchNorm)
bn4a_branch1           (BatchNorm)
res4b_branch2a         (Conv2D)
bn4b_branch2a          (BatchNorm)
res4b_branch2b         (Conv2D)
bn4b_branch2b          (BatchNorm)
res4b_branch2c         (Conv2D)
bn4b_branch2c          (BatchNorm)
res4c_branch2a         (Conv2D)
bn4c_branch2a          (BatchNorm)
res4c_branch2b         (Conv2D)
bn4c_branch2b          (BatchNorm)
res4c_branch2c         (Conv2D)
bn4c_branch2c          (BatchNorm)
res4d_branch2a         (Conv2D)
bn4d_branch2a          (BatchNorm)
res4d_branch2b         (Conv2D)
bn4d_branch2b          (BatchNorm)
res4d_branch2c         (Conv2D)
bn4d_branch2c          (BatchNorm)
res4e_branch2a         (Conv2D)
bn4e_branch2a          (BatchNorm)
res4e_branch2b         (Conv2D)
bn4e_branch2b          (BatchNorm)
res4e_branch2c         (Conv2D)
bn4e_branch2c          (BatchNorm)
res4f_branch2a         (Conv2D)
bn4f_branch2a          (BatchNorm)
res4f_branch2b         (Conv2D)
bn4f_branch2b          (BatchNorm)
res4f_branch2c         (Conv2D)
bn4f_branch2c          (BatchNorm)
res4g_branch2a         (Conv2D)
bn4g_branch2a          (BatchNorm)
res4g_branch2b         (Conv2D)
bn4g_branch2b          (BatchNorm)
res4g_branch2c         (Conv2D)
bn4g_branch2c          (BatchNorm)
res4h_branch2a         (Conv2D)
bn4h_branch2a          (BatchNorm)
res4h_branch2b         (Conv2D)
bn4h_branch2b          (BatchNorm)
res4h_branch2c         (Conv2D)
bn4h_branch2c          (BatchNorm)
res4i_branch2a         (Conv2D)
bn4i_branch2a          (BatchNorm)
res4i_branch2b         (Conv2D)
bn4i_branch2b          (BatchNorm)
res4i_branch2c         (Conv2D)
bn4i_branch2c          (BatchNorm)
res4j_branch2a         (Conv2D)
bn4j_branch2a          (BatchNorm)
res4j_branch2b         (Conv2D)
bn4j_branch2b          (BatchNorm)
res4j_branch2c         (Conv2D)
bn4j_branch2c          (BatchNorm)
res4k_branch2a         (Conv2D)
bn4k_branch2a          (BatchNorm)
res4k_branch2b         (Conv2D)
bn4k_branch2b          (BatchNorm)
res4k_branch2c         (Conv2D)
bn4k_branch2c          (BatchNorm)
res4l_branch2a         (Conv2D)
bn4l_branch2a          (BatchNorm)
res4l_branch2b         (Conv2D)
bn4l_branch2b          (BatchNorm)
res4l_branch2c         (Conv2D)
bn4l_branch2c          (BatchNorm)
res4m_branch2a         (Conv2D)
bn4m_branch2a          (BatchNorm)
res4m_branch2b         (Conv2D)
bn4m_branch2b          (BatchNorm)
res4m_branch2c         (Conv2D)
bn4m_branch2c          (BatchNorm)
res4n_branch2a         (Conv2D)
bn4n_branch2a          (BatchNorm)
res4n_branch2b         (Conv2D)
bn4n_branch2b          (BatchNorm)
res4n_branch2c         (Conv2D)
bn4n_branch2c          (BatchNorm)
res4o_branch2a         (Conv2D)
bn4o_branch2a          (BatchNorm)
res4o_branch2b         (Conv2D)
bn4o_branch2b          (BatchNorm)
res4o_branch2c         (Conv2D)
bn4o_branch2c          (BatchNorm)
res4p_branch2a         (Conv2D)
bn4p_branch2a          (BatchNorm)
res4p_branch2b         (Conv2D)
bn4p_branch2b          (BatchNorm)
res4p_branch2c         (Conv2D)
bn4p_branch2c          (BatchNorm)
res4q_branch2a         (Conv2D)
bn4q_branch2a          (BatchNorm)
res4q_branch2b         (Conv2D)
bn4q_branch2b          (BatchNorm)
res4q_branch2c         (Conv2D)
bn4q_branch2c          (BatchNorm)
res4r_branch2a         (Conv2D)
bn4r_branch2a          (BatchNorm)
res4r_branch2b         (Conv2D)
bn4r_branch2b          (BatchNorm)
res4r_branch2c         (Conv2D)
bn4r_branch2c          (BatchNorm)
res4s_branch2a         (Conv2D)
bn4s_branch2a          (BatchNorm)
res4s_branch2b         (Conv2D)
bn4s_branch2b          (BatchNorm)
res4s_branch2c         (Conv2D)
bn4s_branch2c          (BatchNorm)
res4t_branch2a         (Conv2D)
bn4t_branch2a          (BatchNorm)
res4t_branch2b         (Conv2D)
bn4t_branch2b          (BatchNorm)
res4t_branch2c         (Conv2D)
bn4t_branch2c          (BatchNorm)
res4u_branch2a         (Conv2D)
bn4u_branch2a          (BatchNorm)
res4u_branch2b         (Conv2D)
bn4u_branch2b          (BatchNorm)
res4u_branch2c         (Conv2D)
bn4u_branch2c          (BatchNorm)
res4v_branch2a         (Conv2D)
bn4v_branch2a          (BatchNorm)
res4v_branch2b         (Conv2D)
bn4v_branch2b          (BatchNorm)
res4v_branch2c         (Conv2D)
bn4v_branch2c          (BatchNorm)
res4w_branch2a         (Conv2D)
bn4w_branch2a          (BatchNorm)
res4w_branch2b         (Conv2D)
bn4w_branch2b          (BatchNorm)
res4w_branch2c         (Conv2D)
bn4w_branch2c          (BatchNorm)
res5a_branch2a         (Conv2D)
bn5a_branch2a          (BatchNorm)
res5a_branch2b         (Conv2D)
bn5a_branch2b          (BatchNorm)
res5a_branch2c         (Conv2D)
res5a_branch1          (Conv2D)
bn5a_branch2c          (BatchNorm)
bn5a_branch1           (BatchNorm)
res5b_branch2a         (Conv2D)
bn5b_branch2a          (BatchNorm)
res5b_branch2b         (Conv2D)
bn5b_branch2b          (BatchNorm)
res5b_branch2c         (Conv2D)
bn5b_branch2c          (BatchNorm)
res5c_branch2a         (Conv2D)
bn5c_branch2a          (BatchNorm)
res5c_branch2b         (Conv2D)
bn5c_branch2b          (BatchNorm)
res5c_branch2c         (Conv2D)
bn5c_branch2c          (BatchNorm)
fpn_c5p5               (Conv2D)
fpn_c4p4               (Conv2D)
fpn_c3p3               (Conv2D)
fpn_c2p2               (Conv2D)
fpn_p5                 (Conv2D)
fpn_p2                 (Conv2D)
fpn_p3                 (Conv2D)
fpn_p4                 (Conv2D)
In model:  rpn_model
    rpn_conv_shared        (Conv2D)
    rpn_class_raw          (Conv2D)
    rpn_bbox_pred          (Conv2D)
mrcnn_mask_conv1       (TimeDistributed)
mrcnn_mask_bn1         (TimeDistributed)
mrcnn_mask_conv2       (TimeDistributed)
mrcnn_mask_bn2         (TimeDistributed)
mrcnn_class_conv1      (TimeDistributed)
mrcnn_class_bn1        (TimeDistributed)
mrcnn_mask_conv3       (TimeDistributed)
mrcnn_mask_bn3         (TimeDistributed)
mrcnn_class_conv2      (TimeDistributed)
mrcnn_class_bn2        (TimeDistributed)
mrcnn_mask_conv4       (TimeDistributed)
mrcnn_mask_bn4         (TimeDistributed)
mrcnn_bbox_fc          (TimeDistributed)
mrcnn_mask_deconv      (TimeDistributed)
mrcnn_class_logits     (TimeDistributed)
mrcnn_mask             (TimeDistributed)

 DONE TRAINING ALL LAYERS
