[+] Loading CUDA Toolkit  9.0.176  ... 
[+] Loading cuDNN 7.0  libraries... 
2018-07-11 08:59:09.419457: I tensorflow/core/platform/cpu_feature_guard.cc:140] Your CPU supports instructions that this TensorFlow binary was not compiled to use: AVX2 FMA
2018-07-11 08:59:09.937060: I tensorflow/core/common_runtime/gpu/gpu_device.cc:1356] Found device 0 with properties: 
name: Tesla P100-PCIE-16GB major: 6 minor: 0 memoryClockRate(GHz): 1.3285
pciBusID: 0000:0d:00.0
totalMemory: 15.89GiB freeMemory: 15.60GiB
2018-07-11 08:59:09.937153: I tensorflow/core/common_runtime/gpu/gpu_device.cc:1435] Adding visible gpu devices: 0
2018-07-11 08:59:13.008705: I tensorflow/core/common_runtime/gpu/gpu_device.cc:923] Device interconnect StreamExecutor with strength 1 edge matrix:
2018-07-11 08:59:13.008808: I tensorflow/core/common_runtime/gpu/gpu_device.cc:929]      0 
2018-07-11 08:59:13.008861: I tensorflow/core/common_runtime/gpu/gpu_device.cc:942] 0:   N 
2018-07-11 08:59:13.042834: I tensorflow/core/common_runtime/gpu/gpu_device.cc:1053] Created TensorFlow device (/job:localhost/replica:0/task:0/device:GPU:0 with 15127 MB memory) -> physical GPU (device: 0, name: Tesla P100-PCIE-16GB, pci bus id: 0000:0d:00.0, compute capability: 6.0)

Configurations:
BACKBONE                       resnet101
BACKBONE_STRIDES               [4, 8, 16, 32, 64]
BATCH_SIZE                     2
BBOX_STD_DEV                   [0.1 0.1 0.2 0.2]
COMPUTE_BACKBONE_SHAPE         None
DETECTION_MAX_INSTANCES        100
DETECTION_MIN_CONFIDENCE       0.7
DETECTION_NMS_THRESHOLD        0.3
FPN_CLASSIF_FC_LAYERS_SIZE     1024
GPU_COUNT                      1
GRADIENT_CLIP_NORM             5.0
IMAGES_PER_GPU                 2
IMAGE_MAX_DIM                  1024
IMAGE_META_SIZE                14
IMAGE_MIN_DIM                  256
IMAGE_MIN_SCALE                0
IMAGE_RESIZE_MODE              square
IMAGE_SHAPE                    [1024 1024    3]
LEARNING_MOMENTUM              0.9
LEARNING_RATE                  0.0001
LOSS_WEIGHTS                   {'mrcnn_mask_loss': 1.0, 'rpn_bbox_loss': 1.0, 'mrcnn_bbox_loss': 1.0, 'rpn_class_loss': 1.0, 'mrcnn_class_loss': 1.0}
MASK_POOL_SIZE                 14
MASK_SHAPE                     [28, 28]
MAX_GT_INSTANCES               100
MEAN_PIXEL                     [123.7 116.8 103.9]
MINI_MASK_SHAPE                (56, 56)
NAME                           cells
NUM_CLASSES                    2
POOL_SIZE                      7
POST_NMS_ROIS_INFERENCE        1000
POST_NMS_ROIS_TRAINING         2000
ROI_POSITIVE_RATIO             0.33
RPN_ANCHOR_RATIOS              [0.5, 1, 2]
RPN_ANCHOR_SCALES              (8, 16, 32, 64, 128)
RPN_ANCHOR_STRIDE              1
RPN_BBOX_STD_DEV               [0.1 0.1 0.2 0.2]
RPN_NMS_THRESHOLD              0.7
RPN_TRAIN_ANCHORS_PER_IMAGE    256
STEPS_PER_EPOCH                100
TOP_DOWN_PYRAMID_SIZE          256
TRAIN_BN                       False
TRAIN_ROIS_PER_IMAGE           200
USE_MINI_MASK                  True
USE_RPN_ROIS                   True
VALIDATION_STEPS               50
WEIGHT_DECAY                   0.0001


initializing with coco
before load weights
after load weights

Starting at epoch 0. LR=0.0001

Checkpoint Path: /data/kimjb/Mask_RCNN/logs/cells20180711T0859/mask_rcnn_cells_.h5
Selecting layers to train
fpn_c5p5               (Conv2D)
fpn_c4p4               (Conv2D)
fpn_c3p3               (Conv2D)
fpn_c2p2               (Conv2D)
fpn_p5                 (Conv2D)
fpn_p2                 (Conv2D)
fpn_p3                 (Conv2D)
fpn_p4                 (Conv2D)
In model:  rpn_model
    rpn_conv_shared        (Conv2D)
    rpn_class_raw          (Conv2D)
    rpn_bbox_pred          (Conv2D)
mrcnn_mask_conv1       (TimeDistributed)
mrcnn_mask_bn1         (TimeDistributed)
mrcnn_mask_conv2       (TimeDistributed)
mrcnn_mask_bn2         (TimeDistributed)
mrcnn_class_conv1      (TimeDistributed)
mrcnn_class_bn1        (TimeDistributed)
mrcnn_mask_conv3       (TimeDistributed)
mrcnn_mask_bn3         (TimeDistributed)
mrcnn_class_conv2      (TimeDistributed)
mrcnn_class_bn2        (TimeDistributed)
mrcnn_mask_conv4       (TimeDistributed)
mrcnn_mask_bn4         (TimeDistributed)
mrcnn_bbox_fc          (TimeDistributed)
mrcnn_mask_deconv      (TimeDistributed)
mrcnn_class_logits     (TimeDistributed)
mrcnn_mask             (TimeDistributed)
Epoch 1/100
 - 175s - loss: 2.5244 - rpn_class_loss: 0.2268 - rpn_bbox_loss: 1.3076 - mrcnn_class_loss: 0.1261 - mrcnn_bbox_loss: 0.5095 - mrcnn_mask_loss: 0.3544 - val_loss: 1.4438 - val_rpn_class_loss: 0.1420 - val_rpn_bbox_loss: 0.8675 - val_mrcnn_class_loss: 0.0655 - val_mrcnn_bbox_loss: 0.2161 - val_mrcnn_mask_loss: 0.1527
Epoch 2/100
 - 120s - loss: 1.3521 - rpn_class_loss: 0.0975 - rpn_bbox_loss: 0.8564 - mrcnn_class_loss: 0.0425 - mrcnn_bbox_loss: 0.2033 - mrcnn_mask_loss: 0.1526 - val_loss: 1.1076 - val_rpn_class_loss: 0.0609 - val_rpn_bbox_loss: 0.7775 - val_mrcnn_class_loss: 0.0264 - val_mrcnn_bbox_loss: 0.1418 - val_mrcnn_mask_loss: 0.1010
Epoch 3/100
 - 117s - loss: 1.1434 - rpn_class_loss: 0.0500 - rpn_bbox_loss: 0.7716 - mrcnn_class_loss: 0.0272 - mrcnn_bbox_loss: 0.1660 - mrcnn_mask_loss: 0.1285 - val_loss: 0.9674 - val_rpn_class_loss: 0.0368 - val_rpn_bbox_loss: 0.7070 - val_mrcnn_class_loss: 0.0195 - val_mrcnn_bbox_loss: 0.1157 - val_mrcnn_mask_loss: 0.0884
Epoch 4/100
 - 111s - loss: 1.0614 - rpn_class_loss: 0.0366 - rpn_bbox_loss: 0.7212 - mrcnn_class_loss: 0.0276 - mrcnn_bbox_loss: 0.1495 - mrcnn_mask_loss: 0.1265 - val_loss: 0.9337 - val_rpn_class_loss: 0.0287 - val_rpn_bbox_loss: 0.6984 - val_mrcnn_class_loss: 0.0161 - val_mrcnn_bbox_loss: 0.1061 - val_mrcnn_mask_loss: 0.0843
Epoch 5/100
 - 111s - loss: 1.0010 - rpn_class_loss: 0.0315 - rpn_bbox_loss: 0.7028 - mrcnn_class_loss: 0.0229 - mrcnn_bbox_loss: 0.1278 - mrcnn_mask_loss: 0.1161 - val_loss: 0.8855 - val_rpn_class_loss: 0.0271 - val_rpn_bbox_loss: 0.6681 - val_mrcnn_class_loss: 0.0166 - val_mrcnn_bbox_loss: 0.0957 - val_mrcnn_mask_loss: 0.0779
Epoch 6/100
 - 110s - loss: 0.9707 - rpn_class_loss: 0.0282 - rpn_bbox_loss: 0.6723 - mrcnn_class_loss: 0.0254 - mrcnn_bbox_loss: 0.1251 - mrcnn_mask_loss: 0.1196 - val_loss: 0.8571 - val_rpn_class_loss: 0.0228 - val_rpn_bbox_loss: 0.6547 - val_mrcnn_class_loss: 0.0183 - val_mrcnn_bbox_loss: 0.0867 - val_mrcnn_mask_loss: 0.0746
Epoch 7/100
 - 109s - loss: 0.9547 - rpn_class_loss: 0.0256 - rpn_bbox_loss: 0.6595 - mrcnn_class_loss: 0.0257 - mrcnn_bbox_loss: 0.1229 - mrcnn_mask_loss: 0.1210 - val_loss: 0.8325 - val_rpn_class_loss: 0.0215 - val_rpn_bbox_loss: 0.6344 - val_mrcnn_class_loss: 0.0167 - val_mrcnn_bbox_loss: 0.0882 - val_mrcnn_mask_loss: 0.0717
Epoch 8/100
 - 112s - loss: 0.9218 - rpn_class_loss: 0.0249 - rpn_bbox_loss: 0.6424 - mrcnn_class_loss: 0.0257 - mrcnn_bbox_loss: 0.1132 - mrcnn_mask_loss: 0.1157 - val_loss: 0.8091 - val_rpn_class_loss: 0.0190 - val_rpn_bbox_loss: 0.6176 - val_mrcnn_class_loss: 0.0197 - val_mrcnn_bbox_loss: 0.0818 - val_mrcnn_mask_loss: 0.0710
Epoch 9/100
 - 112s - loss: 0.9064 - rpn_class_loss: 0.0217 - rpn_bbox_loss: 0.6318 - mrcnn_class_loss: 0.0252 - mrcnn_bbox_loss: 0.1122 - mrcnn_mask_loss: 0.1156 - val_loss: 0.8032 - val_rpn_class_loss: 0.0193 - val_rpn_bbox_loss: 0.6169 - val_mrcnn_class_loss: 0.0193 - val_mrcnn_bbox_loss: 0.0789 - val_mrcnn_mask_loss: 0.0687
Epoch 10/100
 - 110s - loss: 0.8953 - rpn_class_loss: 0.0231 - rpn_bbox_loss: 0.6254 - mrcnn_class_loss: 0.0277 - mrcnn_bbox_loss: 0.1057 - mrcnn_mask_loss: 0.1134 - val_loss: 0.7739 - val_rpn_class_loss: 0.0207 - val_rpn_bbox_loss: 0.5890 - val_mrcnn_class_loss: 0.0200 - val_mrcnn_bbox_loss: 0.0751 - val_mrcnn_mask_loss: 0.0692
Epoch 11/100
 - 110s - loss: 0.8751 - rpn_class_loss: 0.0217 - rpn_bbox_loss: 0.6084 - mrcnn_class_loss: 0.0254 - mrcnn_bbox_loss: 0.1064 - mrcnn_mask_loss: 0.1132 - val_loss: 0.7595 - val_rpn_class_loss: 0.0181 - val_rpn_bbox_loss: 0.5850 - val_mrcnn_class_loss: 0.0206 - val_mrcnn_bbox_loss: 0.0683 - val_mrcnn_mask_loss: 0.0676
Epoch 12/100
 - 111s - loss: 0.8598 - rpn_class_loss: 0.0200 - rpn_bbox_loss: 0.6025 - mrcnn_class_loss: 0.0272 - mrcnn_bbox_loss: 0.1002 - mrcnn_mask_loss: 0.1098 - val_loss: 0.7527 - val_rpn_class_loss: 0.0171 - val_rpn_bbox_loss: 0.5745 - val_mrcnn_class_loss: 0.0215 - val_mrcnn_bbox_loss: 0.0713 - val_mrcnn_mask_loss: 0.0683
Epoch 13/100
 - 110s - loss: 0.8562 - rpn_class_loss: 0.0206 - rpn_bbox_loss: 0.5859 - mrcnn_class_loss: 0.0299 - mrcnn_bbox_loss: 0.1024 - mrcnn_mask_loss: 0.1174 - val_loss: 0.7524 - val_rpn_class_loss: 0.0186 - val_rpn_bbox_loss: 0.5721 - val_mrcnn_class_loss: 0.0222 - val_mrcnn_bbox_loss: 0.0707 - val_mrcnn_mask_loss: 0.0687
Epoch 14/100
 - 109s - loss: 0.8460 - rpn_class_loss: 0.0209 - rpn_bbox_loss: 0.5868 - mrcnn_class_loss: 0.0275 - mrcnn_bbox_loss: 0.0984 - mrcnn_mask_loss: 0.1123 - val_loss: 0.7295 - val_rpn_class_loss: 0.0160 - val_rpn_bbox_loss: 0.5473 - val_mrcnn_class_loss: 0.0245 - val_mrcnn_bbox_loss: 0.0727 - val_mrcnn_mask_loss: 0.0690
Epoch 15/100
 - 110s - loss: 0.8339 - rpn_class_loss: 0.0188 - rpn_bbox_loss: 0.5722 - mrcnn_class_loss: 0.0311 - mrcnn_bbox_loss: 0.1005 - mrcnn_mask_loss: 0.1113 - val_loss: 0.7313 - val_rpn_class_loss: 0.0144 - val_rpn_bbox_loss: 0.5596 - val_mrcnn_class_loss: 0.0248 - val_mrcnn_bbox_loss: 0.0648 - val_mrcnn_mask_loss: 0.0676
Epoch 16/100
 - 112s - loss: 0.8386 - rpn_class_loss: 0.0194 - rpn_bbox_loss: 0.5687 - mrcnn_class_loss: 0.0341 - mrcnn_bbox_loss: 0.0999 - mrcnn_mask_loss: 0.1164 - val_loss: 0.7298 - val_rpn_class_loss: 0.0149 - val_rpn_bbox_loss: 0.5510 - val_mrcnn_class_loss: 0.0261 - val_mrcnn_bbox_loss: 0.0675 - val_mrcnn_mask_loss: 0.0702
Epoch 17/100
 - 110s - loss: 0.7929 - rpn_class_loss: 0.0180 - rpn_bbox_loss: 0.5497 - mrcnn_class_loss: 0.0298 - mrcnn_bbox_loss: 0.0881 - mrcnn_mask_loss: 0.1074 - val_loss: 0.7135 - val_rpn_class_loss: 0.0151 - val_rpn_bbox_loss: 0.5356 - val_mrcnn_class_loss: 0.0261 - val_mrcnn_bbox_loss: 0.0660 - val_mrcnn_mask_loss: 0.0707
Epoch 18/100
 - 108s - loss: 0.8203 - rpn_class_loss: 0.0167 - rpn_bbox_loss: 0.5552 - mrcnn_class_loss: 0.0308 - mrcnn_bbox_loss: 0.0982 - mrcnn_mask_loss: 0.1194 - val_loss: 0.7158 - val_rpn_class_loss: 0.0126 - val_rpn_bbox_loss: 0.5318 - val_mrcnn_class_loss: 0.0273 - val_mrcnn_bbox_loss: 0.0710 - val_mrcnn_mask_loss: 0.0732
Epoch 19/100
 - 116s - loss: 0.8355 - rpn_class_loss: 0.0181 - rpn_bbox_loss: 0.5502 - mrcnn_class_loss: 0.0347 - mrcnn_bbox_loss: 0.1047 - mrcnn_mask_loss: 0.1278 - val_loss: 0.7249 - val_rpn_class_loss: 0.0156 - val_rpn_bbox_loss: 0.5404 - val_mrcnn_class_loss: 0.0281 - val_mrcnn_bbox_loss: 0.0688 - val_mrcnn_mask_loss: 0.0720
Epoch 20/100
 - 116s - loss: 0.8066 - rpn_class_loss: 0.0180 - rpn_bbox_loss: 0.5530 - mrcnn_class_loss: 0.0327 - mrcnn_bbox_loss: 0.0913 - mrcnn_mask_loss: 0.1116 - val_loss: 0.7068 - val_rpn_class_loss: 0.0141 - val_rpn_bbox_loss: 0.5281 - val_mrcnn_class_loss: 0.0286 - val_mrcnn_bbox_loss: 0.0637 - val_mrcnn_mask_loss: 0.0723
Epoch 21/100
 - 117s - loss: 0.8292 - rpn_class_loss: 0.0191 - rpn_bbox_loss: 0.5465 - mrcnn_class_loss: 0.0375 - mrcnn_bbox_loss: 0.1039 - mrcnn_mask_loss: 0.1223 - val_loss: 0.7018 - val_rpn_class_loss: 0.0130 - val_rpn_bbox_loss: 0.5191 - val_mrcnn_class_loss: 0.0297 - val_mrcnn_bbox_loss: 0.0662 - val_mrcnn_mask_loss: 0.0738
Epoch 22/100
 - 110s - loss: 0.8170 - rpn_class_loss: 0.0158 - rpn_bbox_loss: 0.5350 - mrcnn_class_loss: 0.0376 - mrcnn_bbox_loss: 0.1019 - mrcnn_mask_loss: 0.1268 - val_loss: 0.7059 - val_rpn_class_loss: 0.0141 - val_rpn_bbox_loss: 0.5209 - val_mrcnn_class_loss: 0.0331 - val_mrcnn_bbox_loss: 0.0621 - val_mrcnn_mask_loss: 0.0757
Epoch 23/100
 - 110s - loss: 0.8086 - rpn_class_loss: 0.0172 - rpn_bbox_loss: 0.5300 - mrcnn_class_loss: 0.0395 - mrcnn_bbox_loss: 0.1003 - mrcnn_mask_loss: 0.1216 - val_loss: 0.6888 - val_rpn_class_loss: 0.0116 - val_rpn_bbox_loss: 0.5136 - val_mrcnn_class_loss: 0.0295 - val_mrcnn_bbox_loss: 0.0619 - val_mrcnn_mask_loss: 0.0721
Epoch 24/100
 - 110s - loss: 0.7954 - rpn_class_loss: 0.0175 - rpn_bbox_loss: 0.5212 - mrcnn_class_loss: 0.0396 - mrcnn_bbox_loss: 0.0978 - mrcnn_mask_loss: 0.1193 - val_loss: 0.7012 - val_rpn_class_loss: 0.0132 - val_rpn_bbox_loss: 0.5135 - val_mrcnn_class_loss: 0.0335 - val_mrcnn_bbox_loss: 0.0646 - val_mrcnn_mask_loss: 0.0765
Epoch 25/100
 - 110s - loss: 0.7950 - rpn_class_loss: 0.0166 - rpn_bbox_loss: 0.5228 - mrcnn_class_loss: 0.0416 - mrcnn_bbox_loss: 0.0948 - mrcnn_mask_loss: 0.1191 - val_loss: 0.6942 - val_rpn_class_loss: 0.0105 - val_rpn_bbox_loss: 0.5134 - val_mrcnn_class_loss: 0.0322 - val_mrcnn_bbox_loss: 0.0646 - val_mrcnn_mask_loss: 0.0736
Epoch 26/100
 - 109s - loss: 0.8024 - rpn_class_loss: 0.0156 - rpn_bbox_loss: 0.5302 - mrcnn_class_loss: 0.0390 - mrcnn_bbox_loss: 0.0982 - mrcnn_mask_loss: 0.1193 - val_loss: 0.6980 - val_rpn_class_loss: 0.0122 - val_rpn_bbox_loss: 0.5079 - val_mrcnn_class_loss: 0.0335 - val_mrcnn_bbox_loss: 0.0695 - val_mrcnn_mask_loss: 0.0750
Epoch 27/100
 - 111s - loss: 0.7672 - rpn_class_loss: 0.0151 - rpn_bbox_loss: 0.5123 - mrcnn_class_loss: 0.0359 - mrcnn_bbox_loss: 0.0895 - mrcnn_mask_loss: 0.1144 - val_loss: 0.6813 - val_rpn_class_loss: 0.0100 - val_rpn_bbox_loss: 0.5009 - val_mrcnn_class_loss: 0.0336 - val_mrcnn_bbox_loss: 0.0638 - val_mrcnn_mask_loss: 0.0730
Epoch 28/100
 - 110s - loss: 0.8010 - rpn_class_loss: 0.0170 - rpn_bbox_loss: 0.5166 - mrcnn_class_loss: 0.0421 - mrcnn_bbox_loss: 0.0986 - mrcnn_mask_loss: 0.1268 - val_loss: 0.6891 - val_rpn_class_loss: 0.0115 - val_rpn_bbox_loss: 0.4978 - val_mrcnn_class_loss: 0.0346 - val_mrcnn_bbox_loss: 0.0697 - val_mrcnn_mask_loss: 0.0755
Epoch 29/100
 - 109s - loss: 0.7741 - rpn_class_loss: 0.0136 - rpn_bbox_loss: 0.5121 - mrcnn_class_loss: 0.0405 - mrcnn_bbox_loss: 0.0914 - mrcnn_mask_loss: 0.1164 - val_loss: 0.6917 - val_rpn_class_loss: 0.0124 - val_rpn_bbox_loss: 0.5022 - val_mrcnn_class_loss: 0.0363 - val_mrcnn_bbox_loss: 0.0655 - val_mrcnn_mask_loss: 0.0753
Epoch 30/100
 - 111s - loss: 0.7833 - rpn_class_loss: 0.0167 - rpn_bbox_loss: 0.4969 - mrcnn_class_loss: 0.0471 - mrcnn_bbox_loss: 0.0981 - mrcnn_mask_loss: 0.1244 - val_loss: 0.6856 - val_rpn_class_loss: 0.0097 - val_rpn_bbox_loss: 0.4975 - val_mrcnn_class_loss: 0.0373 - val_mrcnn_bbox_loss: 0.0650 - val_mrcnn_mask_loss: 0.0760
Epoch 31/100
 - 112s - loss: 0.7951 - rpn_class_loss: 0.0149 - rpn_bbox_loss: 0.5196 - mrcnn_class_loss: 0.0423 - mrcnn_bbox_loss: 0.0957 - mrcnn_mask_loss: 0.1226 - val_loss: 0.6797 - val_rpn_class_loss: 0.0116 - val_rpn_bbox_loss: 0.4933 - val_mrcnn_class_loss: 0.0373 - val_mrcnn_bbox_loss: 0.0634 - val_mrcnn_mask_loss: 0.0741
Epoch 32/100
 - 110s - loss: 0.8085 - rpn_class_loss: 0.0151 - rpn_bbox_loss: 0.5085 - mrcnn_class_loss: 0.0440 - mrcnn_bbox_loss: 0.1067 - mrcnn_mask_loss: 0.1342 - val_loss: 0.6782 - val_rpn_class_loss: 0.0107 - val_rpn_bbox_loss: 0.4931 - val_mrcnn_class_loss: 0.0378 - val_mrcnn_bbox_loss: 0.0616 - val_mrcnn_mask_loss: 0.0750
Epoch 33/100
 - 112s - loss: 0.7623 - rpn_class_loss: 0.0145 - rpn_bbox_loss: 0.5005 - mrcnn_class_loss: 0.0414 - mrcnn_bbox_loss: 0.0892 - mrcnn_mask_loss: 0.1167 - val_loss: 0.6733 - val_rpn_class_loss: 0.0109 - val_rpn_bbox_loss: 0.4858 - val_mrcnn_class_loss: 0.0361 - val_mrcnn_bbox_loss: 0.0669 - val_mrcnn_mask_loss: 0.0736
Epoch 34/100
 - 112s - loss: 0.7707 - rpn_class_loss: 0.0143 - rpn_bbox_loss: 0.4968 - mrcnn_class_loss: 0.0462 - mrcnn_bbox_loss: 0.0928 - mrcnn_mask_loss: 0.1204 - val_loss: 0.6754 - val_rpn_class_loss: 0.0101 - val_rpn_bbox_loss: 0.4913 - val_mrcnn_class_loss: 0.0394 - val_mrcnn_bbox_loss: 0.0599 - val_mrcnn_mask_loss: 0.0748
Epoch 35/100
 - 109s - loss: 0.7745 - rpn_class_loss: 0.0153 - rpn_bbox_loss: 0.4971 - mrcnn_class_loss: 0.0452 - mrcnn_bbox_loss: 0.0955 - mrcnn_mask_loss: 0.1214 - val_loss: 0.6903 - val_rpn_class_loss: 0.0120 - val_rpn_bbox_loss: 0.4973 - val_mrcnn_class_loss: 0.0379 - val_mrcnn_bbox_loss: 0.0685 - val_mrcnn_mask_loss: 0.0746
Epoch 36/100
 - 109s - loss: 0.7602 - rpn_class_loss: 0.0141 - rpn_bbox_loss: 0.4964 - mrcnn_class_loss: 0.0435 - mrcnn_bbox_loss: 0.0886 - mrcnn_mask_loss: 0.1176 - val_loss: 0.6705 - val_rpn_class_loss: 0.0121 - val_rpn_bbox_loss: 0.4911 - val_mrcnn_class_loss: 0.0384 - val_mrcnn_bbox_loss: 0.0567 - val_mrcnn_mask_loss: 0.0722
Epoch 37/100
 - 111s - loss: 0.7547 - rpn_class_loss: 0.0146 - rpn_bbox_loss: 0.4964 - mrcnn_class_loss: 0.0435 - mrcnn_bbox_loss: 0.0862 - mrcnn_mask_loss: 0.1139 - val_loss: 0.6616 - val_rpn_class_loss: 0.0107 - val_rpn_bbox_loss: 0.4822 - val_mrcnn_class_loss: 0.0352 - val_mrcnn_bbox_loss: 0.0604 - val_mrcnn_mask_loss: 0.0731
Epoch 38/100
 - 110s - loss: 0.7373 - rpn_class_loss: 0.0138 - rpn_bbox_loss: 0.4827 - mrcnn_class_loss: 0.0444 - mrcnn_bbox_loss: 0.0852 - mrcnn_mask_loss: 0.1112 - val_loss: 0.6859 - val_rpn_class_loss: 0.0103 - val_rpn_bbox_loss: 0.4956 - val_mrcnn_class_loss: 0.0395 - val_mrcnn_bbox_loss: 0.0658 - val_mrcnn_mask_loss: 0.0748
Epoch 39/100
 - 109s - loss: 0.7561 - rpn_class_loss: 0.0144 - rpn_bbox_loss: 0.4892 - mrcnn_class_loss: 0.0428 - mrcnn_bbox_loss: 0.0907 - mrcnn_mask_loss: 0.1191 - val_loss: 0.6633 - val_rpn_class_loss: 0.0101 - val_rpn_bbox_loss: 0.4830 - val_mrcnn_class_loss: 0.0386 - val_mrcnn_bbox_loss: 0.0614 - val_mrcnn_mask_loss: 0.0702
Epoch 40/100
 - 109s - loss: 0.7679 - rpn_class_loss: 0.0147 - rpn_bbox_loss: 0.4880 - mrcnn_class_loss: 0.0479 - mrcnn_bbox_loss: 0.0950 - mrcnn_mask_loss: 0.1224 - val_loss: 0.6776 - val_rpn_class_loss: 0.0101 - val_rpn_bbox_loss: 0.4873 - val_mrcnn_class_loss: 0.0411 - val_mrcnn_bbox_loss: 0.0660 - val_mrcnn_mask_loss: 0.0731
Epoch 41/100
 - 109s - loss: 0.7747 - rpn_class_loss: 0.0153 - rpn_bbox_loss: 0.4879 - mrcnn_class_loss: 0.0450 - mrcnn_bbox_loss: 0.0998 - mrcnn_mask_loss: 0.1267 - val_loss: 0.6440 - val_rpn_class_loss: 0.0098 - val_rpn_bbox_loss: 0.4610 - val_mrcnn_class_loss: 0.0402 - val_mrcnn_bbox_loss: 0.0616 - val_mrcnn_mask_loss: 0.0715
Epoch 42/100
 - 110s - loss: 0.7529 - rpn_class_loss: 0.0131 - rpn_bbox_loss: 0.4872 - mrcnn_class_loss: 0.0466 - mrcnn_bbox_loss: 0.0885 - mrcnn_mask_loss: 0.1174 - val_loss: 0.6743 - val_rpn_class_loss: 0.0101 - val_rpn_bbox_loss: 0.4945 - val_mrcnn_class_loss: 0.0366 - val_mrcnn_bbox_loss: 0.0596 - val_mrcnn_mask_loss: 0.0735
Epoch 43/100
 - 110s - loss: 0.7634 - rpn_class_loss: 0.0160 - rpn_bbox_loss: 0.4884 - mrcnn_class_loss: 0.0473 - mrcnn_bbox_loss: 0.0925 - mrcnn_mask_loss: 0.1192 - val_loss: 0.6526 - val_rpn_class_loss: 0.0099 - val_rpn_bbox_loss: 0.4736 - val_mrcnn_class_loss: 0.0390 - val_mrcnn_bbox_loss: 0.0574 - val_mrcnn_mask_loss: 0.0726
Epoch 44/100
 - 122s - loss: 0.7752 - rpn_class_loss: 0.0159 - rpn_bbox_loss: 0.4956 - mrcnn_class_loss: 0.0475 - mrcnn_bbox_loss: 0.0947 - mrcnn_mask_loss: 0.1215 - val_loss: 0.6625 - val_rpn_class_loss: 0.0112 - val_rpn_bbox_loss: 0.4827 - val_mrcnn_class_loss: 0.0411 - val_mrcnn_bbox_loss: 0.0560 - val_mrcnn_mask_loss: 0.0715
Epoch 45/100
 - 123s - loss: 0.7449 - rpn_class_loss: 0.0149 - rpn_bbox_loss: 0.4810 - mrcnn_class_loss: 0.0478 - mrcnn_bbox_loss: 0.0858 - mrcnn_mask_loss: 0.1154 - val_loss: 0.6591 - val_rpn_class_loss: 0.0109 - val_rpn_bbox_loss: 0.4802 - val_mrcnn_class_loss: 0.0410 - val_mrcnn_bbox_loss: 0.0551 - val_mrcnn_mask_loss: 0.0720
Epoch 46/100
 - 125s - loss: 0.7724 - rpn_class_loss: 0.0146 - rpn_bbox_loss: 0.4926 - mrcnn_class_loss: 0.0467 - mrcnn_bbox_loss: 0.0947 - mrcnn_mask_loss: 0.1239 - val_loss: 0.6540 - val_rpn_class_loss: 0.0124 - val_rpn_bbox_loss: 0.4769 - val_mrcnn_class_loss: 0.0360 - val_mrcnn_bbox_loss: 0.0570 - val_mrcnn_mask_loss: 0.0718
Epoch 47/100
 - 124s - loss: 0.7400 - rpn_class_loss: 0.0155 - rpn_bbox_loss: 0.4704 - mrcnn_class_loss: 0.0468 - mrcnn_bbox_loss: 0.0889 - mrcnn_mask_loss: 0.1184 - val_loss: 0.6377 - val_rpn_class_loss: 0.0097 - val_rpn_bbox_loss: 0.4620 - val_mrcnn_class_loss: 0.0394 - val_mrcnn_bbox_loss: 0.0549 - val_mrcnn_mask_loss: 0.0718
Epoch 48/100
 - 121s - loss: 0.7770 - rpn_class_loss: 0.0130 - rpn_bbox_loss: 0.4922 - mrcnn_class_loss: 0.0481 - mrcnn_bbox_loss: 0.0961 - mrcnn_mask_loss: 0.1276 - val_loss: 0.6463 - val_rpn_class_loss: 0.0105 - val_rpn_bbox_loss: 0.4680 - val_mrcnn_class_loss: 0.0356 - val_mrcnn_bbox_loss: 0.0606 - val_mrcnn_mask_loss: 0.0716
Epoch 49/100
 - 118s - loss: 0.7588 - rpn_class_loss: 0.0156 - rpn_bbox_loss: 0.4772 - mrcnn_class_loss: 0.0499 - mrcnn_bbox_loss: 0.0949 - mrcnn_mask_loss: 0.1212 - val_loss: 0.6496 - val_rpn_class_loss: 0.0096 - val_rpn_bbox_loss: 0.4743 - val_mrcnn_class_loss: 0.0409 - val_mrcnn_bbox_loss: 0.0552 - val_mrcnn_mask_loss: 0.0696
Epoch 50/100
 - 117s - loss: 0.7696 - rpn_class_loss: 0.0152 - rpn_bbox_loss: 0.4780 - mrcnn_class_loss: 0.0478 - mrcnn_bbox_loss: 0.0976 - mrcnn_mask_loss: 0.1308 - val_loss: 0.6569 - val_rpn_class_loss: 0.0104 - val_rpn_bbox_loss: 0.4721 - val_mrcnn_class_loss: 0.0389 - val_mrcnn_bbox_loss: 0.0641 - val_mrcnn_mask_loss: 0.0714
Epoch 51/100
 - 113s - loss: 0.7104 - rpn_class_loss: 0.0129 - rpn_bbox_loss: 0.4641 - mrcnn_class_loss: 0.0451 - mrcnn_bbox_loss: 0.0799 - mrcnn_mask_loss: 0.1083 - val_loss: 0.6387 - val_rpn_class_loss: 0.0093 - val_rpn_bbox_loss: 0.4630 - val_mrcnn_class_loss: 0.0386 - val_mrcnn_bbox_loss: 0.0575 - val_mrcnn_mask_loss: 0.0703
Epoch 52/100
 - 112s - loss: 0.7630 - rpn_class_loss: 0.0127 - rpn_bbox_loss: 0.4808 - mrcnn_class_loss: 0.0486 - mrcnn_bbox_loss: 0.0947 - mrcnn_mask_loss: 0.1263 - val_loss: 0.6407 - val_rpn_class_loss: 0.0106 - val_rpn_bbox_loss: 0.4627 - val_mrcnn_class_loss: 0.0423 - val_mrcnn_bbox_loss: 0.0550 - val_mrcnn_mask_loss: 0.0702
Epoch 53/100
 - 112s - loss: 0.7286 - rpn_class_loss: 0.0136 - rpn_bbox_loss: 0.4689 - mrcnn_class_loss: 0.0473 - mrcnn_bbox_loss: 0.0840 - mrcnn_mask_loss: 0.1149 - val_loss: 0.6471 - val_rpn_class_loss: 0.0096 - val_rpn_bbox_loss: 0.4683 - val_mrcnn_class_loss: 0.0411 - val_mrcnn_bbox_loss: 0.0589 - val_mrcnn_mask_loss: 0.0692
Epoch 54/100
 - 112s - loss: 0.7350 - rpn_class_loss: 0.0142 - rpn_bbox_loss: 0.4690 - mrcnn_class_loss: 0.0460 - mrcnn_bbox_loss: 0.0874 - mrcnn_mask_loss: 0.1184 - val_loss: 0.6414 - val_rpn_class_loss: 0.0084 - val_rpn_bbox_loss: 0.4727 - val_mrcnn_class_loss: 0.0376 - val_mrcnn_bbox_loss: 0.0528 - val_mrcnn_mask_loss: 0.0698
Epoch 55/100
 - 112s - loss: 0.7166 - rpn_class_loss: 0.0128 - rpn_bbox_loss: 0.4669 - mrcnn_class_loss: 0.0449 - mrcnn_bbox_loss: 0.0813 - mrcnn_mask_loss: 0.1107 - val_loss: 0.6367 - val_rpn_class_loss: 0.0084 - val_rpn_bbox_loss: 0.4653 - val_mrcnn_class_loss: 0.0378 - val_mrcnn_bbox_loss: 0.0566 - val_mrcnn_mask_loss: 0.0686
Epoch 56/100
 - 109s - loss: 0.7177 - rpn_class_loss: 0.0133 - rpn_bbox_loss: 0.4680 - mrcnn_class_loss: 0.0457 - mrcnn_bbox_loss: 0.0804 - mrcnn_mask_loss: 0.1102 - val_loss: 0.6235 - val_rpn_class_loss: 0.0087 - val_rpn_bbox_loss: 0.4539 - val_mrcnn_class_loss: 0.0386 - val_mrcnn_bbox_loss: 0.0527 - val_mrcnn_mask_loss: 0.0696
Epoch 57/100
 - 111s - loss: 0.7404 - rpn_class_loss: 0.0122 - rpn_bbox_loss: 0.4750 - mrcnn_class_loss: 0.0474 - mrcnn_bbox_loss: 0.0877 - mrcnn_mask_loss: 0.1181 - val_loss: 0.6399 - val_rpn_class_loss: 0.0092 - val_rpn_bbox_loss: 0.4693 - val_mrcnn_class_loss: 0.0383 - val_mrcnn_bbox_loss: 0.0557 - val_mrcnn_mask_loss: 0.0674
Epoch 58/100
 - 108s - loss: 0.7204 - rpn_class_loss: 0.0128 - rpn_bbox_loss: 0.4603 - mrcnn_class_loss: 0.0467 - mrcnn_bbox_loss: 0.0837 - mrcnn_mask_loss: 0.1169 - val_loss: 0.6307 - val_rpn_class_loss: 0.0097 - val_rpn_bbox_loss: 0.4604 - val_mrcnn_class_loss: 0.0370 - val_mrcnn_bbox_loss: 0.0539 - val_mrcnn_mask_loss: 0.0695
Epoch 59/100
 - 109s - loss: 0.6968 - rpn_class_loss: 0.0124 - rpn_bbox_loss: 0.4598 - mrcnn_class_loss: 0.0428 - mrcnn_bbox_loss: 0.0762 - mrcnn_mask_loss: 0.1056 - val_loss: 0.6358 - val_rpn_class_loss: 0.0099 - val_rpn_bbox_loss: 0.4675 - val_mrcnn_class_loss: 0.0402 - val_mrcnn_bbox_loss: 0.0501 - val_mrcnn_mask_loss: 0.0680
Epoch 60/100
 - 108s - loss: 0.7211 - rpn_class_loss: 0.0128 - rpn_bbox_loss: 0.4599 - mrcnn_class_loss: 0.0467 - mrcnn_bbox_loss: 0.0867 - mrcnn_mask_loss: 0.1151 - val_loss: 0.6358 - val_rpn_class_loss: 0.0089 - val_rpn_bbox_loss: 0.4491 - val_mrcnn_class_loss: 0.0445 - val_mrcnn_bbox_loss: 0.0645 - val_mrcnn_mask_loss: 0.0688
Epoch 61/100
 - 111s - loss: 0.7206 - rpn_class_loss: 0.0127 - rpn_bbox_loss: 0.4572 - mrcnn_class_loss: 0.0494 - mrcnn_bbox_loss: 0.0854 - mrcnn_mask_loss: 0.1159 - val_loss: 0.6322 - val_rpn_class_loss: 0.0093 - val_rpn_bbox_loss: 0.4611 - val_mrcnn_class_loss: 0.0428 - val_mrcnn_bbox_loss: 0.0505 - val_mrcnn_mask_loss: 0.0685
Epoch 62/100
 - 109s - loss: 0.7236 - rpn_class_loss: 0.0120 - rpn_bbox_loss: 0.4661 - mrcnn_class_loss: 0.0489 - mrcnn_bbox_loss: 0.0814 - mrcnn_mask_loss: 0.1152 - val_loss: 0.6298 - val_rpn_class_loss: 0.0090 - val_rpn_bbox_loss: 0.4572 - val_mrcnn_class_loss: 0.0403 - val_mrcnn_bbox_loss: 0.0550 - val_mrcnn_mask_loss: 0.0683
slurmstepd: error: *** JOB 5016043 ON cn2387 CANCELLED AT 2018-07-11T10:58:36 DUE TO TIME LIMIT ***
