[+] Loading CUDA Toolkit  9.0.176  ... 
[+] Loading cuDNN 7.0  libraries... 
2018-06-28 12:28:39.198656: I tensorflow/core/platform/cpu_feature_guard.cc:140] Your CPU supports instructions that this TensorFlow binary was not compiled to use: AVX2 FMA
2018-06-28 12:28:39.674515: I tensorflow/core/common_runtime/gpu/gpu_device.cc:1356] Found device 0 with properties: 
name: Tesla P100-PCIE-16GB major: 6 minor: 0 memoryClockRate(GHz): 1.3285
pciBusID: 0000:0d:00.0
totalMemory: 15.89GiB freeMemory: 15.60GiB
2018-06-28 12:28:39.674592: I tensorflow/core/common_runtime/gpu/gpu_device.cc:1435] Adding visible gpu devices: 0
2018-06-28 12:28:42.581061: I tensorflow/core/common_runtime/gpu/gpu_device.cc:923] Device interconnect StreamExecutor with strength 1 edge matrix:
2018-06-28 12:28:42.581172: I tensorflow/core/common_runtime/gpu/gpu_device.cc:929]      0 
2018-06-28 12:28:42.581224: I tensorflow/core/common_runtime/gpu/gpu_device.cc:942] 0:   N 
2018-06-28 12:28:42.582301: I tensorflow/core/common_runtime/gpu/gpu_device.cc:1053] Created TensorFlow device (/job:localhost/replica:0/task:0/device:GPU:0 with 15127 MB memory) -> physical GPU (device: 0, name: Tesla P100-PCIE-16GB, pci bus id: 0000:0d:00.0, compute capability: 6.0)

Configurations:
BACKBONE                       resnet101
BACKBONE_STRIDES               [4, 8, 16, 32, 64]
BATCH_SIZE                     1
BBOX_STD_DEV                   [0.1 0.1 0.2 0.2]
DETECTION_MAX_INSTANCES        100
DETECTION_MIN_CONFIDENCE       0.7
DETECTION_NMS_THRESHOLD        0.3
GPU_COUNT                      1
GRADIENT_CLIP_NORM             5.0
IMAGES_PER_GPU                 1
IMAGE_MAX_DIM                  256
IMAGE_META_SIZE                14
IMAGE_MIN_DIM                  256
IMAGE_MIN_SCALE                0
IMAGE_RESIZE_MODE              square
IMAGE_SHAPE                    [256 256   3]
LEARNING_MOMENTUM              0.9
LEARNING_RATE                  0.0001
LOSS_WEIGHTS                   {'mrcnn_class_loss': 1.0, 'rpn_bbox_loss': 1.0, 'mrcnn_bbox_loss': 1.0, 'mrcnn_mask_loss': 1.0, 'rpn_class_loss': 1.0}
MASK_POOL_SIZE                 14
MASK_SHAPE                     [28, 28]
MAX_GT_INSTANCES               100
MEAN_PIXEL                     [123.7 116.8 103.9]
MINI_MASK_SHAPE                (56, 56)
NAME                           cells
NUM_CLASSES                    2
POOL_SIZE                      7
POST_NMS_ROIS_INFERENCE        1000
POST_NMS_ROIS_TRAINING         2000
ROI_POSITIVE_RATIO             0.33
RPN_ANCHOR_RATIOS              [0.5, 1, 2]
RPN_ANCHOR_SCALES              (8, 16, 32, 64, 128)
RPN_ANCHOR_STRIDE              1
RPN_BBOX_STD_DEV               [0.1 0.1 0.2 0.2]
RPN_NMS_THRESHOLD              0.7
RPN_TRAIN_ANCHORS_PER_IMAGE    256
STEPS_PER_EPOCH                100
TRAIN_BN                       False
TRAIN_ROIS_PER_IMAGE           32
USE_MINI_MASK                  True
USE_RPN_ROIS                   True
VALIDATION_STEPS               5
WEIGHT_DECAY                   0.0001



Starting at epoch 0. LR=0.0001

Checkpoint Path: /data/kimjb/Mask_RCNN/logs/cells20180628T1228/mask_rcnn_cells_{epoch:04d}.h5
Selecting layers to train
fpn_c5p5               (Conv2D)
fpn_c4p4               (Conv2D)
fpn_c3p3               (Conv2D)
fpn_c2p2               (Conv2D)
fpn_p5                 (Conv2D)
fpn_p2                 (Conv2D)
fpn_p3                 (Conv2D)
fpn_p4                 (Conv2D)
In model:  rpn_model
    rpn_conv_shared        (Conv2D)
    rpn_class_raw          (Conv2D)
    rpn_bbox_pred          (Conv2D)
mrcnn_mask_conv1       (TimeDistributed)
mrcnn_mask_bn1         (TimeDistributed)
mrcnn_mask_conv2       (TimeDistributed)
mrcnn_mask_bn2         (TimeDistributed)
mrcnn_class_conv1      (TimeDistributed)
mrcnn_class_bn1        (TimeDistributed)
mrcnn_mask_conv3       (TimeDistributed)
mrcnn_mask_bn3         (TimeDistributed)
mrcnn_class_conv2      (TimeDistributed)
mrcnn_class_bn2        (TimeDistributed)
mrcnn_mask_conv4       (TimeDistributed)
mrcnn_mask_bn4         (TimeDistributed)
mrcnn_bbox_fc          (TimeDistributed)
mrcnn_mask_deconv      (TimeDistributed)
mrcnn_class_logits     (TimeDistributed)
mrcnn_mask             (TimeDistributed)
Epoch 1/100
 - 30s - loss: 4.2862 - rpn_class_loss: 0.2954 - rpn_bbox_loss: 2.1578 - mrcnn_class_loss: 0.5322 - mrcnn_bbox_loss: 0.7506 - mrcnn_mask_loss: 0.5502 - val_loss: 2.1310 - val_rpn_class_loss: 0.1699 - val_rpn_bbox_loss: 0.9963 - val_mrcnn_class_loss: 0.2012 - val_mrcnn_bbox_loss: 0.3521 - val_mrcnn_mask_loss: 0.4113

Epoch 00001: val_loss improved from inf to 2.13100, saving model to /data/kimjb/Mask_RCNN/logs/cells20180628T1228/mask_rcnn_cells_0001.h5
Epoch 2/100
 - 18s - loss: 2.1862 - rpn_class_loss: 0.1520 - rpn_bbox_loss: 1.1179 - mrcnn_class_loss: 0.1884 - mrcnn_bbox_loss: 0.3314 - mrcnn_mask_loss: 0.3965 - val_loss: 1.9748 - val_rpn_class_loss: 0.0794 - val_rpn_bbox_loss: 1.0985 - val_mrcnn_class_loss: 0.1882 - val_mrcnn_bbox_loss: 0.2846 - val_mrcnn_mask_loss: 0.3241

Epoch 00002: val_loss improved from 2.13100 to 1.97482, saving model to /data/kimjb/Mask_RCNN/logs/cells20180628T1228/mask_rcnn_cells_0002.h5
Epoch 3/100
 - 19s - loss: 1.8287 - rpn_class_loss: 0.1035 - rpn_bbox_loss: 0.9793 - mrcnn_class_loss: 0.1616 - mrcnn_bbox_loss: 0.2583 - mrcnn_mask_loss: 0.3260 - val_loss: 1.7361 - val_rpn_class_loss: 0.0664 - val_rpn_bbox_loss: 1.0299 - val_mrcnn_class_loss: 0.1694 - val_mrcnn_bbox_loss: 0.2059 - val_mrcnn_mask_loss: 0.2645

Epoch 00003: val_loss improved from 1.97482 to 1.73614, saving model to /data/kimjb/Mask_RCNN/logs/cells20180628T1228/mask_rcnn_cells_0003.h5
Epoch 4/100
 - 19s - loss: 1.5875 - rpn_class_loss: 0.0819 - rpn_bbox_loss: 0.9200 - mrcnn_class_loss: 0.1305 - mrcnn_bbox_loss: 0.2095 - mrcnn_mask_loss: 0.2456 - val_loss: 1.3697 - val_rpn_class_loss: 0.0793 - val_rpn_bbox_loss: 0.9158 - val_mrcnn_class_loss: 0.0556 - val_mrcnn_bbox_loss: 0.1554 - val_mrcnn_mask_loss: 0.1636

Epoch 00004: val_loss improved from 1.73614 to 1.36967, saving model to /data/kimjb/Mask_RCNN/logs/cells20180628T1228/mask_rcnn_cells_0004.h5
Epoch 5/100
 - 19s - loss: 1.4969 - rpn_class_loss: 0.0735 - rpn_bbox_loss: 0.8664 - mrcnn_class_loss: 0.1241 - mrcnn_bbox_loss: 0.2195 - mrcnn_mask_loss: 0.2134 - val_loss: 1.3701 - val_rpn_class_loss: 0.0837 - val_rpn_bbox_loss: 0.8148 - val_mrcnn_class_loss: 0.1018 - val_mrcnn_bbox_loss: 0.2054 - val_mrcnn_mask_loss: 0.1643

Epoch 00005: val_loss did not improve from 1.36967
Epoch 6/100
 - 19s - loss: 1.3692 - rpn_class_loss: 0.0668 - rpn_bbox_loss: 0.8218 - mrcnn_class_loss: 0.1220 - mrcnn_bbox_loss: 0.1873 - mrcnn_mask_loss: 0.1712 - val_loss: 1.2735 - val_rpn_class_loss: 0.0621 - val_rpn_bbox_loss: 0.8248 - val_mrcnn_class_loss: 0.1058 - val_mrcnn_bbox_loss: 0.1328 - val_mrcnn_mask_loss: 0.1479

Epoch 00006: val_loss improved from 1.36967 to 1.27352, saving model to /data/kimjb/Mask_RCNN/logs/cells20180628T1228/mask_rcnn_cells_0006.h5
Epoch 7/100
 - 18s - loss: 1.3708 - rpn_class_loss: 0.0664 - rpn_bbox_loss: 0.8090 - mrcnn_class_loss: 0.1338 - mrcnn_bbox_loss: 0.1947 - mrcnn_mask_loss: 0.1669 - val_loss: 1.3581 - val_rpn_class_loss: 0.0586 - val_rpn_bbox_loss: 0.8728 - val_mrcnn_class_loss: 0.0741 - val_mrcnn_bbox_loss: 0.1817 - val_mrcnn_mask_loss: 0.1710

Epoch 00007: val_loss did not improve from 1.27352
Epoch 8/100
 - 19s - loss: 1.3766 - rpn_class_loss: 0.0630 - rpn_bbox_loss: 0.7971 - mrcnn_class_loss: 0.1446 - mrcnn_bbox_loss: 0.2005 - mrcnn_mask_loss: 0.1715 - val_loss: 1.1997 - val_rpn_class_loss: 0.0650 - val_rpn_bbox_loss: 0.7605 - val_mrcnn_class_loss: 0.0653 - val_mrcnn_bbox_loss: 0.1803 - val_mrcnn_mask_loss: 0.1287

Epoch 00008: val_loss improved from 1.27352 to 1.19968, saving model to /data/kimjb/Mask_RCNN/logs/cells20180628T1228/mask_rcnn_cells_0008.h5
Epoch 9/100
 - 19s - loss: 1.2540 - rpn_class_loss: 0.0592 - rpn_bbox_loss: 0.7608 - mrcnn_class_loss: 0.1106 - mrcnn_bbox_loss: 0.1713 - mrcnn_mask_loss: 0.1521 - val_loss: 1.0701 - val_rpn_class_loss: 0.0475 - val_rpn_bbox_loss: 0.7041 - val_mrcnn_class_loss: 0.1136 - val_mrcnn_bbox_loss: 0.1087 - val_mrcnn_mask_loss: 0.0962

Epoch 00009: val_loss improved from 1.19968 to 1.07010, saving model to /data/kimjb/Mask_RCNN/logs/cells20180628T1228/mask_rcnn_cells_0009.h5
Epoch 10/100
 - 18s - loss: 1.2231 - rpn_class_loss: 0.0580 - rpn_bbox_loss: 0.7460 - mrcnn_class_loss: 0.1071 - mrcnn_bbox_loss: 0.1736 - mrcnn_mask_loss: 0.1383 - val_loss: 1.0574 - val_rpn_class_loss: 0.0465 - val_rpn_bbox_loss: 0.7071 - val_mrcnn_class_loss: 0.0740 - val_mrcnn_bbox_loss: 0.1390 - val_mrcnn_mask_loss: 0.0908

Epoch 00010: val_loss improved from 1.07010 to 1.05741, saving model to /data/kimjb/Mask_RCNN/logs/cells20180628T1228/mask_rcnn_cells_0010.h5
Epoch 11/100
 - 18s - loss: 1.2052 - rpn_class_loss: 0.0555 - rpn_bbox_loss: 0.7252 - mrcnn_class_loss: 0.1057 - mrcnn_bbox_loss: 0.1745 - mrcnn_mask_loss: 0.1443 - val_loss: 1.2465 - val_rpn_class_loss: 0.0627 - val_rpn_bbox_loss: 0.8425 - val_mrcnn_class_loss: 0.1205 - val_mrcnn_bbox_loss: 0.1172 - val_mrcnn_mask_loss: 0.1036

Epoch 00011: val_loss did not improve from 1.05741
Epoch 12/100
 - 19s - loss: 1.1890 - rpn_class_loss: 0.0553 - rpn_bbox_loss: 0.6830 - mrcnn_class_loss: 0.1244 - mrcnn_bbox_loss: 0.1762 - mrcnn_mask_loss: 0.1501 - val_loss: 1.1043 - val_rpn_class_loss: 0.0521 - val_rpn_bbox_loss: 0.7537 - val_mrcnn_class_loss: 0.0680 - val_mrcnn_bbox_loss: 0.1305 - val_mrcnn_mask_loss: 0.1000

Epoch 00012: val_loss did not improve from 1.05741
Epoch 13/100
 - 18s - loss: 1.3137 - rpn_class_loss: 0.0588 - rpn_bbox_loss: 0.7483 - mrcnn_class_loss: 0.1440 - mrcnn_bbox_loss: 0.1972 - mrcnn_mask_loss: 0.1655 - val_loss: 0.9214 - val_rpn_class_loss: 0.0437 - val_rpn_bbox_loss: 0.6209 - val_mrcnn_class_loss: 0.0326 - val_mrcnn_bbox_loss: 0.1335 - val_mrcnn_mask_loss: 0.0907

Epoch 00013: val_loss improved from 1.05741 to 0.92145, saving model to /data/kimjb/Mask_RCNN/logs/cells20180628T1228/mask_rcnn_cells_0013.h5
Epoch 14/100
 - 18s - loss: 1.1951 - rpn_class_loss: 0.0536 - rpn_bbox_loss: 0.7072 - mrcnn_class_loss: 0.1308 - mrcnn_bbox_loss: 0.1646 - mrcnn_mask_loss: 0.1388 - val_loss: 0.9753 - val_rpn_class_loss: 0.0556 - val_rpn_bbox_loss: 0.6230 - val_mrcnn_class_loss: 0.1006 - val_mrcnn_bbox_loss: 0.1078 - val_mrcnn_mask_loss: 0.0884

Epoch 00014: val_loss did not improve from 0.92145
Epoch 15/100
 - 18s - loss: 1.1545 - rpn_class_loss: 0.0523 - rpn_bbox_loss: 0.7032 - mrcnn_class_loss: 0.1019 - mrcnn_bbox_loss: 0.1584 - mrcnn_mask_loss: 0.1387 - val_loss: 1.1832 - val_rpn_class_loss: 0.0475 - val_rpn_bbox_loss: 0.8494 - val_mrcnn_class_loss: 0.0763 - val_mrcnn_bbox_loss: 0.1220 - val_mrcnn_mask_loss: 0.0880

Epoch 00015: val_loss did not improve from 0.92145
Epoch 16/100
 - 18s - loss: 1.1230 - rpn_class_loss: 0.0563 - rpn_bbox_loss: 0.6762 - mrcnn_class_loss: 0.1142 - mrcnn_bbox_loss: 0.1445 - mrcnn_mask_loss: 0.1318 - val_loss: 1.0050 - val_rpn_class_loss: 0.0371 - val_rpn_bbox_loss: 0.6558 - val_mrcnn_class_loss: 0.1366 - val_mrcnn_bbox_loss: 0.0950 - val_mrcnn_mask_loss: 0.0804

Epoch 00016: val_loss did not improve from 0.92145
Epoch 17/100
 - 18s - loss: 1.1681 - rpn_class_loss: 0.0512 - rpn_bbox_loss: 0.6842 - mrcnn_class_loss: 0.1255 - mrcnn_bbox_loss: 0.1656 - mrcnn_mask_loss: 0.1417 - val_loss: 1.0260 - val_rpn_class_loss: 0.0518 - val_rpn_bbox_loss: 0.6772 - val_mrcnn_class_loss: 0.1160 - val_mrcnn_bbox_loss: 0.1002 - val_mrcnn_mask_loss: 0.0807

Epoch 00017: val_loss did not improve from 0.92145
Epoch 18/100
 - 18s - loss: 1.1150 - rpn_class_loss: 0.0503 - rpn_bbox_loss: 0.6730 - mrcnn_class_loss: 0.1075 - mrcnn_bbox_loss: 0.1491 - mrcnn_mask_loss: 0.1351 - val_loss: 0.9035 - val_rpn_class_loss: 0.0412 - val_rpn_bbox_loss: 0.6058 - val_mrcnn_class_loss: 0.0959 - val_mrcnn_bbox_loss: 0.0908 - val_mrcnn_mask_loss: 0.0699

Epoch 00018: val_loss improved from 0.92145 to 0.90354, saving model to /data/kimjb/Mask_RCNN/logs/cells20180628T1228/mask_rcnn_cells_0018.h5
Epoch 19/100
 - 19s - loss: 1.1079 - rpn_class_loss: 0.0507 - rpn_bbox_loss: 0.6582 - mrcnn_class_loss: 0.1142 - mrcnn_bbox_loss: 0.1512 - mrcnn_mask_loss: 0.1337 - val_loss: 1.2920 - val_rpn_class_loss: 0.0460 - val_rpn_bbox_loss: 0.8124 - val_mrcnn_class_loss: 0.1509 - val_mrcnn_bbox_loss: 0.1539 - val_mrcnn_mask_loss: 0.1289

Epoch 00019: val_loss did not improve from 0.90354
Epoch 20/100
 - 18s - loss: 1.0998 - rpn_class_loss: 0.0500 - rpn_bbox_loss: 0.6519 - mrcnn_class_loss: 0.1137 - mrcnn_bbox_loss: 0.1504 - mrcnn_mask_loss: 0.1338 - val_loss: 0.9558 - val_rpn_class_loss: 0.0444 - val_rpn_bbox_loss: 0.6092 - val_mrcnn_class_loss: 0.0816 - val_mrcnn_bbox_loss: 0.1252 - val_mrcnn_mask_loss: 0.0954

Epoch 00020: val_loss did not improve from 0.90354
Epoch 21/100
 - 18s - loss: 1.0575 - rpn_class_loss: 0.0480 - rpn_bbox_loss: 0.6369 - mrcnn_class_loss: 0.1064 - mrcnn_bbox_loss: 0.1432 - mrcnn_mask_loss: 0.1230 - val_loss: 0.9841 - val_rpn_class_loss: 0.0416 - val_rpn_bbox_loss: 0.7011 - val_mrcnn_class_loss: 0.0652 - val_mrcnn_bbox_loss: 0.0942 - val_mrcnn_mask_loss: 0.0821

Epoch 00021: val_loss did not improve from 0.90354
Epoch 22/100
 - 19s - loss: 1.0320 - rpn_class_loss: 0.0472 - rpn_bbox_loss: 0.6270 - mrcnn_class_loss: 0.0981 - mrcnn_bbox_loss: 0.1350 - mrcnn_mask_loss: 0.1247 - val_loss: 1.0161 - val_rpn_class_loss: 0.0471 - val_rpn_bbox_loss: 0.6685 - val_mrcnn_class_loss: 0.0816 - val_mrcnn_bbox_loss: 0.1221 - val_mrcnn_mask_loss: 0.0968

Epoch 00022: val_loss did not improve from 0.90354
Epoch 23/100
 - 18s - loss: 1.1023 - rpn_class_loss: 0.0519 - rpn_bbox_loss: 0.6401 - mrcnn_class_loss: 0.1178 - mrcnn_bbox_loss: 0.1578 - mrcnn_mask_loss: 0.1348 - val_loss: 0.8683 - val_rpn_class_loss: 0.0399 - val_rpn_bbox_loss: 0.5953 - val_mrcnn_class_loss: 0.0940 - val_mrcnn_bbox_loss: 0.0661 - val_mrcnn_mask_loss: 0.0730

Epoch 00023: val_loss improved from 0.90354 to 0.86834, saving model to /data/kimjb/Mask_RCNN/logs/cells20180628T1228/mask_rcnn_cells_0023.h5
Epoch 24/100
 - 19s - loss: 1.0547 - rpn_class_loss: 0.0466 - rpn_bbox_loss: 0.6388 - mrcnn_class_loss: 0.1202 - mrcnn_bbox_loss: 0.1312 - mrcnn_mask_loss: 0.1179 - val_loss: 1.0218 - val_rpn_class_loss: 0.0531 - val_rpn_bbox_loss: 0.6640 - val_mrcnn_class_loss: 0.0863 - val_mrcnn_bbox_loss: 0.1189 - val_mrcnn_mask_loss: 0.0996

Epoch 00024: val_loss did not improve from 0.86834
Epoch 25/100
 - 19s - loss: 1.0938 - rpn_class_loss: 0.0458 - rpn_bbox_loss: 0.6313 - mrcnn_class_loss: 0.1299 - mrcnn_bbox_loss: 0.1454 - mrcnn_mask_loss: 0.1414 - val_loss: 0.9312 - val_rpn_class_loss: 0.0436 - val_rpn_bbox_loss: 0.6611 - val_mrcnn_class_loss: 0.0631 - val_mrcnn_bbox_loss: 0.0852 - val_mrcnn_mask_loss: 0.0781

Epoch 00025: val_loss did not improve from 0.86834
Epoch 26/100
 - 19s - loss: 1.1767 - rpn_class_loss: 0.0471 - rpn_bbox_loss: 0.5956 - mrcnn_class_loss: 0.1213 - mrcnn_bbox_loss: 0.1579 - mrcnn_mask_loss: 0.2547 - val_loss: 0.9295 - val_rpn_class_loss: 0.0397 - val_rpn_bbox_loss: 0.6094 - val_mrcnn_class_loss: 0.1101 - val_mrcnn_bbox_loss: 0.0909 - val_mrcnn_mask_loss: 0.0793

Epoch 00026: val_loss did not improve from 0.86834
Epoch 27/100
 - 18s - loss: 1.0551 - rpn_class_loss: 0.0497 - rpn_bbox_loss: 0.6258 - mrcnn_class_loss: 0.1032 - mrcnn_bbox_loss: 0.1417 - mrcnn_mask_loss: 0.1348 - val_loss: 0.8404 - val_rpn_class_loss: 0.0492 - val_rpn_bbox_loss: 0.4859 - val_mrcnn_class_loss: 0.0997 - val_mrcnn_bbox_loss: 0.1163 - val_mrcnn_mask_loss: 0.0893

Epoch 00027: val_loss improved from 0.86834 to 0.84037, saving model to /data/kimjb/Mask_RCNN/logs/cells20180628T1228/mask_rcnn_cells_0027.h5
Epoch 28/100
 - 19s - loss: 1.0624 - rpn_class_loss: 0.0475 - rpn_bbox_loss: 0.6262 - mrcnn_class_loss: 0.1194 - mrcnn_bbox_loss: 0.1369 - mrcnn_mask_loss: 0.1324 - val_loss: 0.8226 - val_rpn_class_loss: 0.0349 - val_rpn_bbox_loss: 0.5392 - val_mrcnn_class_loss: 0.0831 - val_mrcnn_bbox_loss: 0.0942 - val_mrcnn_mask_loss: 0.0712

Epoch 00028: val_loss improved from 0.84037 to 0.82262, saving model to /data/kimjb/Mask_RCNN/logs/cells20180628T1228/mask_rcnn_cells_0028.h5
Epoch 29/100
 - 19s - loss: 1.0463 - rpn_class_loss: 0.0459 - rpn_bbox_loss: 0.6226 - mrcnn_class_loss: 0.1112 - mrcnn_bbox_loss: 0.1387 - mrcnn_mask_loss: 0.1279 - val_loss: 0.8814 - val_rpn_class_loss: 0.0465 - val_rpn_bbox_loss: 0.6089 - val_mrcnn_class_loss: 0.0464 - val_mrcnn_bbox_loss: 0.0997 - val_mrcnn_mask_loss: 0.0800

Epoch 00029: val_loss did not improve from 0.82262
Epoch 30/100
 - 19s - loss: 0.9913 - rpn_class_loss: 0.0455 - rpn_bbox_loss: 0.5980 - mrcnn_class_loss: 0.1077 - mrcnn_bbox_loss: 0.1218 - mrcnn_mask_loss: 0.1182 - val_loss: 1.0382 - val_rpn_class_loss: 0.0400 - val_rpn_bbox_loss: 0.6525 - val_mrcnn_class_loss: 0.1243 - val_mrcnn_bbox_loss: 0.1322 - val_mrcnn_mask_loss: 0.0892

Epoch 00030: val_loss did not improve from 0.82262
Epoch 31/100
 - 19s - loss: 1.0261 - rpn_class_loss: 0.0446 - rpn_bbox_loss: 0.6022 - mrcnn_class_loss: 0.1022 - mrcnn_bbox_loss: 0.1370 - mrcnn_mask_loss: 0.1400 - val_loss: 0.9296 - val_rpn_class_loss: 0.0417 - val_rpn_bbox_loss: 0.5448 - val_mrcnn_class_loss: 0.1485 - val_mrcnn_bbox_loss: 0.1174 - val_mrcnn_mask_loss: 0.0771

Epoch 00031: val_loss did not improve from 0.82262
Epoch 32/100
 - 19s - loss: 1.0142 - rpn_class_loss: 0.0461 - rpn_bbox_loss: 0.5952 - mrcnn_class_loss: 0.1128 - mrcnn_bbox_loss: 0.1321 - mrcnn_mask_loss: 0.1280 - val_loss: 0.8827 - val_rpn_class_loss: 0.0381 - val_rpn_bbox_loss: 0.6229 - val_mrcnn_class_loss: 0.0393 - val_mrcnn_bbox_loss: 0.0878 - val_mrcnn_mask_loss: 0.0946

Epoch 00032: val_loss did not improve from 0.82262
Epoch 33/100
 - 19s - loss: 1.1221 - rpn_class_loss: 0.0467 - rpn_bbox_loss: 0.6001 - mrcnn_class_loss: 0.1060 - mrcnn_bbox_loss: 0.1362 - mrcnn_mask_loss: 0.2330 - val_loss: 0.9821 - val_rpn_class_loss: 0.0498 - val_rpn_bbox_loss: 0.7020 - val_mrcnn_class_loss: 0.0745 - val_mrcnn_bbox_loss: 0.0838 - val_mrcnn_mask_loss: 0.0720

Epoch 00033: val_loss did not improve from 0.82262
Epoch 34/100
 - 18s - loss: 0.9605 - rpn_class_loss: 0.0441 - rpn_bbox_loss: 0.5970 - mrcnn_class_loss: 0.0969 - mrcnn_bbox_loss: 0.1122 - mrcnn_mask_loss: 0.1103 - val_loss: 0.8464 - val_rpn_class_loss: 0.0435 - val_rpn_bbox_loss: 0.5736 - val_mrcnn_class_loss: 0.0687 - val_mrcnn_bbox_loss: 0.0967 - val_mrcnn_mask_loss: 0.0639

Epoch 00034: val_loss did not improve from 0.82262
Epoch 35/100
 - 19s - loss: 0.9999 - rpn_class_loss: 0.0442 - rpn_bbox_loss: 0.6054 - mrcnn_class_loss: 0.0959 - mrcnn_bbox_loss: 0.1284 - mrcnn_mask_loss: 0.1259 - val_loss: 0.9036 - val_rpn_class_loss: 0.0387 - val_rpn_bbox_loss: 0.5701 - val_mrcnn_class_loss: 0.0900 - val_mrcnn_bbox_loss: 0.1248 - val_mrcnn_mask_loss: 0.0799

Epoch 00035: val_loss did not improve from 0.82262
Epoch 36/100
 - 19s - loss: 0.9672 - rpn_class_loss: 0.0411 - rpn_bbox_loss: 0.5651 - mrcnn_class_loss: 0.1068 - mrcnn_bbox_loss: 0.1314 - mrcnn_mask_loss: 0.1229 - val_loss: 1.0115 - val_rpn_class_loss: 0.0454 - val_rpn_bbox_loss: 0.6444 - val_mrcnn_class_loss: 0.1466 - val_mrcnn_bbox_loss: 0.0972 - val_mrcnn_mask_loss: 0.0779

Epoch 00036: val_loss did not improve from 0.82262
Epoch 37/100
 - 19s - loss: 1.0090 - rpn_class_loss: 0.0422 - rpn_bbox_loss: 0.5950 - mrcnn_class_loss: 0.1184 - mrcnn_bbox_loss: 0.1281 - mrcnn_mask_loss: 0.1252 - val_loss: 0.8649 - val_rpn_class_loss: 0.0365 - val_rpn_bbox_loss: 0.5932 - val_mrcnn_class_loss: 0.0455 - val_mrcnn_bbox_loss: 0.1065 - val_mrcnn_mask_loss: 0.0831

Epoch 00037: val_loss did not improve from 0.82262
Epoch 38/100
 - 19s - loss: 1.0276 - rpn_class_loss: 0.0441 - rpn_bbox_loss: 0.5733 - mrcnn_class_loss: 0.1242 - mrcnn_bbox_loss: 0.1392 - mrcnn_mask_loss: 0.1468 - val_loss: 0.9725 - val_rpn_class_loss: 0.0427 - val_rpn_bbox_loss: 0.5978 - val_mrcnn_class_loss: 0.0900 - val_mrcnn_bbox_loss: 0.1422 - val_mrcnn_mask_loss: 0.0998

Epoch 00038: val_loss did not improve from 0.82262
Epoch 39/100
 - 19s - loss: 1.0089 - rpn_class_loss: 0.0444 - rpn_bbox_loss: 0.6075 - mrcnn_class_loss: 0.0968 - mrcnn_bbox_loss: 0.1316 - mrcnn_mask_loss: 0.1285 - val_loss: 0.9799 - val_rpn_class_loss: 0.0571 - val_rpn_bbox_loss: 0.5878 - val_mrcnn_class_loss: 0.0886 - val_mrcnn_bbox_loss: 0.1298 - val_mrcnn_mask_loss: 0.1167

Epoch 00039: val_loss did not improve from 0.82262
Epoch 40/100
 - 18s - loss: 0.9380 - rpn_class_loss: 0.0425 - rpn_bbox_loss: 0.5828 - mrcnn_class_loss: 0.0903 - mrcnn_bbox_loss: 0.1168 - mrcnn_mask_loss: 0.1055 - val_loss: 0.7943 - val_rpn_class_loss: 0.0281 - val_rpn_bbox_loss: 0.5175 - val_mrcnn_class_loss: 0.0857 - val_mrcnn_bbox_loss: 0.0832 - val_mrcnn_mask_loss: 0.0798

Epoch 00040: val_loss improved from 0.82262 to 0.79429, saving model to /data/kimjb/Mask_RCNN/logs/cells20180628T1228/mask_rcnn_cells_0040.h5
Epoch 41/100
 - 19s - loss: 0.9974 - rpn_class_loss: 0.0443 - rpn_bbox_loss: 0.5646 - mrcnn_class_loss: 0.1146 - mrcnn_bbox_loss: 0.1383 - mrcnn_mask_loss: 0.1357 - val_loss: 0.8619 - val_rpn_class_loss: 0.0400 - val_rpn_bbox_loss: 0.6224 - val_mrcnn_class_loss: 0.0618 - val_mrcnn_bbox_loss: 0.0703 - val_mrcnn_mask_loss: 0.0674

Epoch 00041: val_loss did not improve from 0.79429
Epoch 42/100
 - 19s - loss: 0.9974 - rpn_class_loss: 0.0426 - rpn_bbox_loss: 0.6010 - mrcnn_class_loss: 0.1051 - mrcnn_bbox_loss: 0.1216 - mrcnn_mask_loss: 0.1271 - val_loss: 0.9218 - val_rpn_class_loss: 0.0421 - val_rpn_bbox_loss: 0.6078 - val_mrcnn_class_loss: 0.1281 - val_mrcnn_bbox_loss: 0.0669 - val_mrcnn_mask_loss: 0.0768

Epoch 00042: val_loss did not improve from 0.79429
Epoch 43/100
 - 19s - loss: 0.9759 - rpn_class_loss: 0.0442 - rpn_bbox_loss: 0.5676 - mrcnn_class_loss: 0.1062 - mrcnn_bbox_loss: 0.1298 - mrcnn_mask_loss: 0.1280 - val_loss: 0.7999 - val_rpn_class_loss: 0.0465 - val_rpn_bbox_loss: 0.5212 - val_mrcnn_class_loss: 0.0821 - val_mrcnn_bbox_loss: 0.0779 - val_mrcnn_mask_loss: 0.0721

Epoch 00043: val_loss did not improve from 0.79429
Epoch 44/100
 - 19s - loss: 0.9574 - rpn_class_loss: 0.0429 - rpn_bbox_loss: 0.5623 - mrcnn_class_loss: 0.0967 - mrcnn_bbox_loss: 0.1221 - mrcnn_mask_loss: 0.1335 - val_loss: 0.7651 - val_rpn_class_loss: 0.0370 - val_rpn_bbox_loss: 0.5160 - val_mrcnn_class_loss: 0.0535 - val_mrcnn_bbox_loss: 0.0846 - val_mrcnn_mask_loss: 0.0740

Epoch 00044: val_loss improved from 0.79429 to 0.76513, saving model to /data/kimjb/Mask_RCNN/logs/cells20180628T1228/mask_rcnn_cells_0044.h5
Epoch 45/100
 - 19s - loss: 0.9806 - rpn_class_loss: 0.0405 - rpn_bbox_loss: 0.5696 - mrcnn_class_loss: 0.1052 - mrcnn_bbox_loss: 0.1335 - mrcnn_mask_loss: 0.1318 - val_loss: 1.0083 - val_rpn_class_loss: 0.0299 - val_rpn_bbox_loss: 0.7102 - val_mrcnn_class_loss: 0.0835 - val_mrcnn_bbox_loss: 0.1111 - val_mrcnn_mask_loss: 0.0735

Epoch 00045: val_loss did not improve from 0.76513
Epoch 46/100
 - 19s - loss: 0.9738 - rpn_class_loss: 0.0427 - rpn_bbox_loss: 0.5764 - mrcnn_class_loss: 0.1102 - mrcnn_bbox_loss: 0.1240 - mrcnn_mask_loss: 0.1205 - val_loss: 0.9106 - val_rpn_class_loss: 0.0489 - val_rpn_bbox_loss: 0.5527 - val_mrcnn_class_loss: 0.1356 - val_mrcnn_bbox_loss: 0.0891 - val_mrcnn_mask_loss: 0.0843

Epoch 00046: val_loss did not improve from 0.76513
Epoch 47/100
 - 19s - loss: 0.9401 - rpn_class_loss: 0.0408 - rpn_bbox_loss: 0.5612 - mrcnn_class_loss: 0.1020 - mrcnn_bbox_loss: 0.1166 - mrcnn_mask_loss: 0.1195 - val_loss: 0.7573 - val_rpn_class_loss: 0.0319 - val_rpn_bbox_loss: 0.4937 - val_mrcnn_class_loss: 0.1073 - val_mrcnn_bbox_loss: 0.0661 - val_mrcnn_mask_loss: 0.0582

Epoch 00047: val_loss improved from 0.76513 to 0.75727, saving model to /data/kimjb/Mask_RCNN/logs/cells20180628T1228/mask_rcnn_cells_0047.h5
Epoch 48/100
 - 19s - loss: 0.9646 - rpn_class_loss: 0.0429 - rpn_bbox_loss: 0.5486 - mrcnn_class_loss: 0.1097 - mrcnn_bbox_loss: 0.1282 - mrcnn_mask_loss: 0.1353 - val_loss: 0.8329 - val_rpn_class_loss: 0.0376 - val_rpn_bbox_loss: 0.5381 - val_mrcnn_class_loss: 0.1039 - val_mrcnn_bbox_loss: 0.0855 - val_mrcnn_mask_loss: 0.0678

Epoch 00048: val_loss did not improve from 0.75727
Epoch 49/100
 - 19s - loss: 0.8839 - rpn_class_loss: 0.0395 - rpn_bbox_loss: 0.5643 - mrcnn_class_loss: 0.0802 - mrcnn_bbox_loss: 0.0997 - mrcnn_mask_loss: 0.1001 - val_loss: 0.8403 - val_rpn_class_loss: 0.0262 - val_rpn_bbox_loss: 0.6438 - val_mrcnn_class_loss: 0.0392 - val_mrcnn_bbox_loss: 0.0672 - val_mrcnn_mask_loss: 0.0640

Epoch 00049: val_loss did not improve from 0.75727
Epoch 50/100
 - 19s - loss: 0.9997 - rpn_class_loss: 0.0388 - rpn_bbox_loss: 0.5991 - mrcnn_class_loss: 0.1033 - mrcnn_bbox_loss: 0.1290 - mrcnn_mask_loss: 0.1295 - val_loss: 0.8073 - val_rpn_class_loss: 0.0294 - val_rpn_bbox_loss: 0.5864 - val_mrcnn_class_loss: 0.0572 - val_mrcnn_bbox_loss: 0.0687 - val_mrcnn_mask_loss: 0.0656

Epoch 00050: val_loss did not improve from 0.75727
Epoch 51/100
 - 19s - loss: 0.8813 - rpn_class_loss: 0.0396 - rpn_bbox_loss: 0.5289 - mrcnn_class_loss: 0.0948 - mrcnn_bbox_loss: 0.1080 - mrcnn_mask_loss: 0.1100 - val_loss: 0.7679 - val_rpn_class_loss: 0.0380 - val_rpn_bbox_loss: 0.5514 - val_mrcnn_class_loss: 0.0416 - val_mrcnn_bbox_loss: 0.0742 - val_mrcnn_mask_loss: 0.0626
2018-06-28 12:45:53.737023: E tensorflow/stream_executor/cuda/cuda_event.cc:49] Error polling for event status: failed to query event: CUDA_ERROR_ILLEGAL_ADDRESS
2018-06-28 12:45:53.737135: F tensorflow/core/common_runtime/gpu/gpu_event_mgr.cc:208] Unexpected Event status: 1
/var/spool/slurm/slurmd/job4215587/slurm_script: line 8: 52698 Aborted                 python cells.py
